<?xml version="1.0" encoding="UTF-8"?>
<coverage generated="1743753175123" clover="3.2.0">
  <project timestamp="1743753175123" name="All files">
    <metrics statements="178" coveredstatements="174" conditionals="58" coveredconditionals="53" methods="18" coveredmethods="18" elements="254" coveredelements="245" complexity="0" loc="178" ncloc="178" packages="1" files="4" classes="4"/>
    <file name="app.ts" path="/Users/lachlanvan/Desktop/H13-redstone-goats/src/app.ts">
      <metrics statements="107" coveredstatements="103" conditionals="42" coveredconditionals="37" methods="8" coveredmethods="8"/>
      <line num="1" count="9" type="stmt"/>
      <line num="2" count="9" type="stmt"/>
      <line num="4" count="9" type="stmt"/>
      <line num="10" count="9" type="stmt"/>
      <line num="11" count="9" type="stmt"/>
      <line num="12" count="9" type="stmt"/>
      <line num="22" count="15" type="cond" truecount="1" falsecount="0"/>
      <line num="23" count="1" type="stmt"/>
      <line num="25" count="14" type="stmt"/>
      <line num="26" count="14" type="cond" truecount="1" falsecount="0"/>
      <line num="27" count="2" type="stmt"/>
      <line num="32" count="12" type="cond" truecount="4" falsecount="0"/>
      <line num="35" count="1" type="stmt"/>
      <line num="39" count="11" type="stmt"/>
      <line num="40" count="11" type="cond" truecount="4" falsecount="0"/>
      <line num="42" count="2" type="stmt"/>
      <line num="46" count="9" type="cond" truecount="1" falsecount="0"/>
      <line num="47" count="1" type="stmt"/>
      <line num="51" count="8" type="stmt"/>
      <line num="52" count="8" type="cond" truecount="1" falsecount="0"/>
      <line num="53" count="1" type="stmt"/>
      <line num="58" count="7" type="stmt"/>
      <line num="60" count="2" type="cond" truecount="1" falsecount="0"/>
      <line num="61" count="1" type="stmt"/>
      <line num="65" count="1" type="stmt"/>
      <line num="66" count="1" type="stmt"/>
      <line num="67" count="1" type="stmt"/>
      <line num="68" count="1" type="stmt"/>
      <line num="71" count="1" type="cond" truecount="1" falsecount="0"/>
      <line num="72" count="1" type="stmt"/>
      <line num="73" count="1" type="stmt"/>
      <line num="75" count="1" type="stmt"/>
      <line num="87" count="9" type="stmt"/>
      <line num="89" count="5" type="stmt"/>
      <line num="90" count="5" type="cond" truecount="1" falsecount="0"/>
      <line num="91" count="2" type="stmt"/>
      <line num="93" count="3" type="stmt"/>
      <line num="94" count="3" type="cond" truecount="1" falsecount="0"/>
      <line num="95" count="1" type="stmt"/>
      <line num="99" count="2" type="cond" truecount="1" falsecount="0"/>
      <line num="100" count="1" type="stmt"/>
      <line num="102" count="1" type="stmt"/>
      <line num="105" count="1" type="stmt"/>
      <line num="106" count="1" type="cond" truecount="0" falsecount="1"/>
      <line num="107" count="0" type="stmt"/>
      <line num="110" count="1" type="stmt"/>
      <line num="121" count="9" type="stmt"/>
      <line num="123" count="4" type="stmt"/>
      <line num="124" count="4" type="cond" truecount="1" falsecount="0"/>
      <line num="125" count="1" type="stmt"/>
      <line num="127" count="3" type="stmt"/>
      <line num="128" count="3" type="cond" truecount="1" falsecount="0"/>
      <line num="129" count="1" type="stmt"/>
      <line num="133" count="2" type="cond" truecount="1" falsecount="0"/>
      <line num="134" count="1" type="stmt"/>
      <line num="137" count="1" type="cond" truecount="0" falsecount="1"/>
      <line num="138" count="0" type="stmt"/>
      <line num="140" count="1" type="stmt"/>
      <line num="143" count="1" type="stmt"/>
      <line num="144" count="1" type="cond" truecount="0" falsecount="1"/>
      <line num="145" count="0" type="stmt"/>
      <line num="149" count="1" type="stmt"/>
      <line num="150" count="1" type="stmt"/>
      <line num="163" count="6" type="cond" truecount="4" falsecount="0"/>
      <line num="164" count="1" type="stmt"/>
      <line num="166" count="5" type="cond" truecount="1" falsecount="0"/>
      <line num="167" count="1" type="stmt"/>
      <line num="169" count="4" type="stmt"/>
      <line num="171" count="4" type="cond" truecount="1" falsecount="0"/>
      <line num="172" count="1" type="stmt"/>
      <line num="176" count="3" type="stmt"/>
      <line num="178" count="3" type="stmt"/>
      <line num="180" count="3" type="stmt"/>
      <line num="181" count="3" type="stmt"/>
      <line num="182" count="3" type="stmt"/>
      <line num="186" count="3" type="stmt"/>
      <line num="189" count="3" type="stmt"/>
      <line num="191" count="3" type="cond" truecount="1" falsecount="0"/>
      <line num="192" count="3" type="stmt"/>
      <line num="195" count="3" type="cond" truecount="1" falsecount="0"/>
      <line num="197" count="2" type="stmt"/>
      <line num="202" count="2" type="stmt"/>
      <line num="205" count="2" type="stmt"/>
      <line num="207" count="2" type="stmt"/>
      <line num="210" count="3" type="cond" truecount="1" falsecount="0"/>
      <line num="211" count="2" type="stmt"/>
      <line num="212" count="2" type="stmt"/>
      <line num="216" count="3" type="stmt"/>
      <line num="226" count="9" type="stmt"/>
      <line num="227" count="6" type="cond" truecount="3" falsecount="0"/>
      <line num="228" count="2" type="stmt"/>
      <line num="231" count="4" type="stmt"/>
      <line num="232" count="4" type="cond" truecount="1" falsecount="0"/>
      <line num="233" count="1" type="stmt"/>
      <line num="236" count="3" type="stmt"/>
      <line num="237" count="3" type="cond" truecount="1" falsecount="0"/>
      <line num="239" count="2" type="stmt"/>
      <line num="240" count="2" type="stmt"/>
      <line num="241" count="2" type="cond" truecount="1" falsecount="0"/>
      <line num="243" count="1" type="stmt"/>
      <line num="244" count="1" type="stmt"/>
      <line num="245" count="1" type="cond" truecount="1" falsecount="2"/>
      <line num="247" count="0" type="stmt"/>
      <line num="251" count="1" type="cond" truecount="1" falsecount="0"/>
      <line num="252" count="1" type="stmt"/>
      <line num="256" count="1" type="stmt"/>
      <line num="259" count="9" type="stmt"/>
    </file>
    <file name="db.ts" path="/Users/lachlanvan/Desktop/H13-redstone-goats/src/db.ts">
      <metrics statements="5" coveredstatements="5" conditionals="0" coveredconditionals="0" methods="0" coveredmethods="0"/>
      <line num="1" count="1" type="stmt"/>
      <line num="2" count="1" type="stmt"/>
      <line num="4" count="1" type="stmt"/>
      <line num="6" count="1" type="stmt"/>
      <line num="15" count="1" type="stmt"/>
    </file>
    <file name="types.ts" path="/Users/lachlanvan/Desktop/H13-redstone-goats/src/types.ts">
      <metrics statements="12" coveredstatements="12" conditionals="4" coveredconditionals="4" methods="3" coveredmethods="3"/>
      <line num="65" count="9" type="cond" truecount="2" falsecount="0"/>
      <line num="66" count="9" type="stmt"/>
      <line num="67" count="9" type="stmt"/>
      <line num="68" count="9" type="stmt"/>
      <line num="86" count="9" type="cond" truecount="2" falsecount="0"/>
      <line num="87" count="9" type="stmt"/>
      <line num="88" count="9" type="stmt"/>
      <line num="89" count="9" type="stmt"/>
      <line num="101" count="9" type="stmt"/>
      <line num="105" count="26" type="stmt"/>
      <line num="106" count="26" type="stmt"/>
      <line num="107" count="26" type="stmt"/>
    </file>
    <file name="user.ts" path="/Users/lachlanvan/Desktop/H13-redstone-goats/src/user.ts">
      <metrics statements="54" coveredstatements="54" conditionals="12" coveredconditionals="12" methods="7" coveredmethods="7"/>
      <line num="1" count="8" type="stmt"/>
      <line num="2" count="8" type="stmt"/>
      <line num="3" count="8" type="stmt"/>
      <line num="4" count="8" type="stmt"/>
      <line num="17" count="8" type="stmt"/>
      <line num="23" count="10" type="cond" truecount="1" falsecount="0"/>
      <line num="24" count="1" type="stmt"/>
      <line num="27" count="9" type="stmt"/>
      <line num="28" count="9" type="stmt"/>
      <line num="29" count="1" type="cond" truecount="1" falsecount="0"/>
      <line num="30" count="1" type="stmt"/>
      <line num="34" count="8" type="stmt"/>
      <line num="35" count="4" type="stmt"/>
      <line num="36" count="2" type="stmt"/>
      <line num="38" count="1" type="stmt"/>
      <line num="39" count="1" type="stmt"/>
      <line num="48" count="1" type="stmt"/>
      <line num="49" count="1" type="stmt"/>
      <line num="61" count="8" type="stmt"/>
      <line num="65" count="6" type="stmt"/>
      <line num="68" count="6" type="stmt"/>
      <line num="69" count="6" type="stmt"/>
      <line num="71" count="6" type="cond" truecount="1" falsecount="0"/>
      <line num="72" count="1" type="stmt"/>
      <line num="76" count="5" type="stmt"/>
      <line num="77" count="5" type="cond" truecount="1" falsecount="0"/>
      <line num="78" count="2" type="stmt"/>
      <line num="79" count="2" type="stmt"/>
      <line num="80" count="2" type="stmt"/>
      <line num="84" count="3" type="stmt"/>
      <line num="85" count="3" type="stmt"/>
      <line num="86" count="3" type="stmt"/>
      <line num="88" count="3" type="stmt"/>
      <line num="98" count="8" type="stmt"/>
      <line num="100" count="3" type="stmt"/>
      <line num="102" count="3" type="stmt"/>
      <line num="117" count="8" type="stmt"/>
      <line num="119" count="2" type="stmt"/>
      <line num="121" count="2" type="cond" truecount="1" falsecount="0"/>
      <line num="122" count="1" type="stmt"/>
      <line num="125" count="1" type="stmt"/>
      <line num="179" count="6" type="stmt"/>
      <line num="180" count="6" type="cond" truecount="1" falsecount="0"/>
      <line num="181" count="1" type="stmt"/>
      <line num="186" count="5" type="cond" truecount="3" falsecount="0"/>
      <line num="187" count="2" type="stmt"/>
      <line num="193" count="3" type="stmt"/>
      <line num="203" count="8" type="cond" truecount="1" falsecount="0"/>
      <line num="204" count="2" type="stmt"/>
      <line num="206" count="6" type="cond" truecount="1" falsecount="0"/>
      <line num="207" count="1" type="stmt"/>
      <line num="209" count="5" type="cond" truecount="1" falsecount="0"/>
      <line num="210" count="1" type="stmt"/>
      <line num="212" count="4" type="stmt"/>
    </file>
  </project>
</coverage>
