{"/Users/lachlanvan/Desktop/H13-redstone-goats/src/app.ts": {"path":"/Users/lachlanvan/Desktop/H13-redstone-goats/src/app.ts","statementMap":{"0":{"start":{"line":405,"column":9},"end":{"line":405,"column":20}},"1":{"start":{"line":405,"column":22},"end":{"line":405,"column":35}},"2":{"start":{"line":405,"column":64},"end":{"line":405,"column":78}},"3":{"start":{"line":405,"column":116},"end":{"line":405,"column":127}},"4":{"start":{"line":1,"column":0},"end":{"line":1,"column":80}},"5":{"start":{"line":2,"column":0},"end":{"line":2,"column":null}},"6":{"start":{"line":5,"column":0},"end":{"line":5,"column":null}},"7":{"start":{"line":11,"column":0},"end":{"line":11,"column":null}},"8":{"start":{"line":14,"column":1},"end":{"line":14,"column":21}},"9":{"start":{"line":15,"column":0},"end":{"line":15,"column":47}},"10":{"start":{"line":16,"column":0},"end":{"line":16,"column":24}},"11":{"start":{"line":26,"column":2},"end":{"line":28,"column":3}},"12":{"start":{"line":27,"column":4},"end":{"line":27,"column":43}},"13":{"start":{"line":29,"column":15},"end":{"line":29,"column":65}},"14":{"start":{"line":30,"column":2},"end":{"line":33,"column":3}},"15":{"start":{"line":31,"column":4},"end":{"line":32,"column":67}},"16":{"start":{"line":36,"column":2},"end":{"line":40,"column":3}},"17":{"start":{"line":39,"column":4},"end":{"line":39,"column":45}},"18":{"start":{"line":43,"column":19},"end":{"line":43,"column":57}},"19":{"start":{"line":44,"column":2},"end":{"line":47,"column":3}},"20":{"start":{"line":46,"column":4},"end":{"line":46,"column":47}},"21":{"start":{"line":50,"column":2},"end":{"line":52,"column":3}},"22":{"start":{"line":51,"column":4},"end":{"line":51,"column":67}},"23":{"start":{"line":55,"column":23},"end":{"line":55,"column":48}},"24":{"start":{"line":56,"column":2},"end":{"line":58,"column":3}},"25":{"start":{"line":57,"column":4},"end":{"line":57,"column":42}},"26":{"start":{"line":62,"column":21},"end":{"line":62,"column":47}},"27":{"start":{"line":64,"column":2},"end":{"line":66,"column":3}},"28":{"start":{"line":65,"column":4},"end":{"line":65,"column":55}},"29":{"start":{"line":69,"column":2},"end":{"line":69,"column":24}},"30":{"start":{"line":70,"column":2},"end":{"line":70,"column":30}},"31":{"start":{"line":71,"column":2},"end":{"line":71,"column":32}},"32":{"start":{"line":72,"column":18},"end":{"line":72,"column":41}},"33":{"start":{"line":75,"column":2},"end":{"line":78,"column":3}},"34":{"start":{"line":76,"column":24},"end":{"line":76,"column":51}},"35":{"start":{"line":77,"column":4},"end":{"line":77,"column":46}},"36":{"start":{"line":79,"column":2},"end":{"line":79,"column":21}},"37":{"start":{"line":90,"column":2},"end":{"line":92,"column":3}},"38":{"start":{"line":91,"column":4},"end":{"line":91,"column":43}},"39":{"start":{"line":93,"column":15},"end":{"line":93,"column":67}},"40":{"start":{"line":94,"column":2},"end":{"line":97,"column":3}},"41":{"start":{"line":95,"column":4},"end":{"line":96,"column":67}},"42":{"start":{"line":100,"column":2},"end":{"line":104,"column":3}},"43":{"start":{"line":103,"column":4},"end":{"line":103,"column":45}},"44":{"start":{"line":106,"column":2},"end":{"line":110,"column":3}},"45":{"start":{"line":109,"column":4},"end":{"line":109,"column":59}},"46":{"start":{"line":113,"column":19},"end":{"line":113,"column":57}},"47":{"start":{"line":114,"column":2},"end":{"line":117,"column":3}},"48":{"start":{"line":116,"column":4},"end":{"line":116,"column":47}},"49":{"start":{"line":120,"column":2},"end":{"line":122,"column":3}},"50":{"start":{"line":121,"column":4},"end":{"line":121,"column":67}},"51":{"start":{"line":124,"column":2},"end":{"line":126,"column":3}},"52":{"start":{"line":125,"column":4},"end":{"line":125,"column":51}},"53":{"start":{"line":129,"column":23},"end":{"line":129,"column":50}},"54":{"start":{"line":130,"column":2},"end":{"line":132,"column":3}},"55":{"start":{"line":131,"column":4},"end":{"line":131,"column":42}},"56":{"start":{"line":136,"column":21},"end":{"line":136,"column":49}},"57":{"start":{"line":138,"column":2},"end":{"line":140,"column":3}},"58":{"start":{"line":139,"column":4},"end":{"line":139,"column":55}},"59":{"start":{"line":142,"column":2},"end":{"line":145,"column":3}},"60":{"start":{"line":144,"column":4},"end":{"line":144,"column":57}},"61":{"start":{"line":147,"column":2},"end":{"line":147,"column":30}},"62":{"start":{"line":148,"column":2},"end":{"line":148,"column":32}},"63":{"start":{"line":149,"column":18},"end":{"line":149,"column":41}},"64":{"start":{"line":152,"column":2},"end":{"line":155,"column":3}},"65":{"start":{"line":153,"column":24},"end":{"line":153,"column":53}},"66":{"start":{"line":154,"column":4},"end":{"line":154,"column":46}},"67":{"start":{"line":156,"column":2},"end":{"line":156,"column":21}},"68":{"start":{"line":168,"column":20},"end":{"line":192,"column":2}},"69":{"start":{"line":168,"column":78},"end":{"line":192,"column":2}},"70":{"start":{"line":170,"column":15},"end":{"line":170,"column":38}},"71":{"start":{"line":171,"column":2},"end":{"line":173,"column":3}},"72":{"start":{"line":172,"column":6},"end":{"line":172,"column":40}},"73":{"start":{"line":174,"column":20},"end":{"line":174,"column":45}},"74":{"start":{"line":175,"column":2},"end":{"line":177,"column":3}},"75":{"start":{"line":176,"column":6},"end":{"line":176,"column":41}},"76":{"start":{"line":180,"column":2},"end":{"line":182,"column":3}},"77":{"start":{"line":181,"column":6},"end":{"line":181,"column":49}},"78":{"start":{"line":183,"column":2},"end":{"line":183,"column":38}},"79":{"start":{"line":186,"column":24},"end":{"line":186,"column":54}},"80":{"start":{"line":187,"column":2},"end":{"line":189,"column":3}},"81":{"start":{"line":188,"column":6},"end":{"line":188,"column":68}},"82":{"start":{"line":191,"column":2},"end":{"line":191,"column":20}},"83":{"start":{"line":405,"column":37},"end":{"line":405,"column":48}},"84":{"start":{"line":202,"column":21},"end":{"line":232,"column":2}},"85":{"start":{"line":202,"column":63},"end":{"line":232,"column":2}},"86":{"start":{"line":204,"column":15},"end":{"line":204,"column":38}},"87":{"start":{"line":205,"column":2},"end":{"line":207,"column":3}},"88":{"start":{"line":206,"column":6},"end":{"line":206,"column":40}},"89":{"start":{"line":208,"column":20},"end":{"line":208,"column":45}},"90":{"start":{"line":209,"column":2},"end":{"line":211,"column":3}},"91":{"start":{"line":210,"column":6},"end":{"line":210,"column":41}},"92":{"start":{"line":214,"column":2},"end":{"line":216,"column":3}},"93":{"start":{"line":215,"column":4},"end":{"line":215,"column":48}},"94":{"start":{"line":218,"column":2},"end":{"line":220,"column":3}},"95":{"start":{"line":219,"column":6},"end":{"line":219,"column":16}},"96":{"start":{"line":221,"column":2},"end":{"line":221,"column":38}},"97":{"start":{"line":224,"column":24},"end":{"line":224,"column":54}},"98":{"start":{"line":225,"column":2},"end":{"line":227,"column":3}},"99":{"start":{"line":226,"column":6},"end":{"line":226,"column":68}},"100":{"start":{"line":230,"column":14},"end":{"line":230,"column":63}},"101":{"start":{"line":231,"column":2},"end":{"line":231,"column":17}},"102":{"start":{"line":405,"column":50},"end":{"line":405,"column":62}},"103":{"start":{"line":244,"column":2},"end":{"line":246,"column":3}},"104":{"start":{"line":245,"column":4},"end":{"line":245,"column":68}},"105":{"start":{"line":247,"column":2},"end":{"line":249,"column":3}},"106":{"start":{"line":248,"column":4},"end":{"line":248,"column":45}},"107":{"start":{"line":250,"column":17},"end":{"line":250,"column":42}},"108":{"start":{"line":252,"column":2},"end":{"line":254,"column":3}},"109":{"start":{"line":253,"column":4},"end":{"line":253,"column":41}},"110":{"start":{"line":257,"column":26},"end":{"line":257,"column":28}},"111":{"start":{"line":259,"column":16},"end":{"line":259,"column":52}},"112":{"start":{"line":261,"column":2},"end":{"line":264,"column":3}},"113":{"start":{"line":262,"column":4},"end":{"line":262,"column":46}},"114":{"start":{"line":263,"column":4},"end":{"line":263,"column":36}},"115":{"start":{"line":267,"column":21},"end":{"line":267,"column":62}},"116":{"start":{"line":270,"column":21},"end":{"line":270,"column":62}},"117":{"start":{"line":272,"column":2},"end":{"line":274,"column":3}},"118":{"start":{"line":273,"column":4},"end":{"line":273,"column":29}},"119":{"start":{"line":276,"column":2},"end":{"line":289,"column":3}},"120":{"start":{"line":278,"column":22},"end":{"line":281,"column":6}},"121":{"start":{"line":283,"column":21},"end":{"line":283,"column":67}},"122":{"start":{"line":286,"column":4},"end":{"line":286,"column":42}},"123":{"start":{"line":288,"column":4},"end":{"line":288,"column":67}},"124":{"start":{"line":291,"column":2},"end":{"line":295,"column":3}},"125":{"start":{"line":292,"column":4},"end":{"line":292,"column":51}},"126":{"start":{"line":293,"column":4},"end":{"line":293,"column":null}},"127":{"start":{"line":297,"column":2},"end":{"line":297,"column":20}},"128":{"start":{"line":307,"column":29},"end":{"line":338,"column":2}},"129":{"start":{"line":307,"column":69},"end":{"line":338,"column":2}},"130":{"start":{"line":308,"column":2},"end":{"line":310,"column":3}},"131":{"start":{"line":309,"column":4},"end":{"line":309,"column":56}},"132":{"start":{"line":312,"column":15},"end":{"line":312,"column":38}},"133":{"start":{"line":313,"column":2},"end":{"line":315,"column":3}},"134":{"start":{"line":314,"column":4},"end":{"line":314,"column":38}},"135":{"start":{"line":317,"column":37},"end":{"line":317,"column":87}},"136":{"start":{"line":318,"column":2},"end":{"line":318,"column":86}},"137":{"start":{"line":318,"column":41},"end":{"line":318,"column":86}},"138":{"start":{"line":320,"column":33},"end":{"line":320,"column":63}},"139":{"start":{"line":321,"column":2},"end":{"line":335,"column":3}},"140":{"start":{"line":321,"column":19},"end":{"line":321,"column":20}},"141":{"start":{"line":322,"column":4},"end":{"line":322,"column":88}},"142":{"start":{"line":322,"column":43},"end":{"line":322,"column":88}},"143":{"start":{"line":324,"column":17},"end":{"line":324,"column":21}},"144":{"start":{"line":325,"column":4},"end":{"line":330,"column":5}},"145":{"start":{"line":326,"column":6},"end":{"line":329,"column":7}},"146":{"start":{"line":328,"column":8},"end":{"line":328,"column":23}},"147":{"start":{"line":332,"column":4},"end":{"line":334,"column":5}},"148":{"start":{"line":333,"column":6},"end":{"line":333,"column":49}},"149":{"start":{"line":337,"column":2},"end":{"line":337,"column":47}},"150":{"start":{"line":405,"column":80},"end":{"line":405,"column":100}},"151":{"start":{"line":346,"column":21},"end":{"line":372,"column":null}},"152":{"start":{"line":346,"column":46},"end":{"line":372,"column":null}},"153":{"start":{"line":349,"column":2},"end":{"line":351,"column":3}},"154":{"start":{"line":350,"column":4},"end":{"line":350,"column":43}},"155":{"start":{"line":352,"column":15},"end":{"line":352,"column":38}},"156":{"start":{"line":353,"column":2},"end":{"line":356,"column":3}},"157":{"start":{"line":354,"column":4},"end":{"line":355,"column":23}},"158":{"start":{"line":358,"column":17},"end":{"line":358,"column":49}},"159":{"start":{"line":359,"column":38},"end":{"line":359,"column":40}},"160":{"start":{"line":360,"column":37},"end":{"line":360,"column":39}},"161":{"start":{"line":362,"column":2},"end":{"line":368,"column":3}},"162":{"start":{"line":363,"column":4},"end":{"line":367,"column":5}},"163":{"start":{"line":364,"column":6},"end":{"line":364,"column":34}},"164":{"start":{"line":366,"column":6},"end":{"line":366,"column":35}},"165":{"start":{"line":370,"column":2},"end":{"line":371,"column":46}},"166":{"start":{"line":405,"column":102},"end":{"line":405,"column":114}},"167":{"start":{"line":382,"column":21},"end":{"line":382,"column":46}},"168":{"start":{"line":383,"column":2},"end":{"line":385,"column":3}},"169":{"start":{"line":384,"column":4},"end":{"line":384,"column":48}},"170":{"start":{"line":386,"column":2},"end":{"line":400,"column":3}},"171":{"start":{"line":387,"column":4},"end":{"line":389,"column":5}},"172":{"start":{"line":388,"column":6},"end":{"line":388,"column":48}},"173":{"start":{"line":390,"column":4},"end":{"line":394,"column":5}},"174":{"start":{"line":393,"column":6},"end":{"line":393,"column":54}},"175":{"start":{"line":395,"column":19},"end":{"line":395,"column":71}},"176":{"start":{"line":396,"column":4},"end":{"line":399,"column":5}},"177":{"start":{"line":397,"column":6},"end":{"line":398,"column":71}},"178":{"start":{"line":401,"column":2},"end":{"line":401,"column":26}},"179":{"start":{"line":402,"column":2},"end":{"line":402,"column":9}}},"fnMap":{"0":{"name":"orderCreate","decl":{"start":{"line":25,"column":15},"end":{"line":25,"column":26}},"loc":{"start":{"line":25,"column":42},"end":{"line":80,"column":null}}},"1":{"name":"v2orderCreate","decl":{"start":{"line":89,"column":15},"end":{"line":89,"column":28}},"loc":{"start":{"line":89,"column":44},"end":{"line":157,"column":null}}},"2":{"name":"(anonymous_12)","decl":{"start":{"line":168,"column":20},"end":{"line":168,"column":27}},"loc":{"start":{"line":168,"column":78},"end":{"line":192,"column":2}}},"3":{"name":"(anonymous_13)","decl":{"start":{"line":168,"column":78},"end":{"line":168,"column":null}},"loc":{"start":{"line":168,"column":78},"end":{"line":192,"column":1}}},"4":{"name":"(anonymous_14)","decl":{"start":{"line":202,"column":21},"end":{"line":202,"column":28}},"loc":{"start":{"line":202,"column":63},"end":{"line":232,"column":2}}},"5":{"name":"(anonymous_15)","decl":{"start":{"line":202,"column":63},"end":{"line":202,"column":null}},"loc":{"start":{"line":202,"column":63},"end":{"line":232,"column":1}}},"6":{"name":"orderUserSales","decl":{"start":{"line":243,"column":15},"end":{"line":243,"column":29}},"loc":{"start":{"line":243,"column":96},"end":{"line":298,"column":null}}},"7":{"name":"(anonymous_18)","decl":{"start":{"line":307,"column":29},"end":{"line":307,"column":36}},"loc":{"start":{"line":307,"column":69},"end":{"line":338,"column":2}}},"8":{"name":"(anonymous_19)","decl":{"start":{"line":307,"column":69},"end":{"line":307,"column":null}},"loc":{"start":{"line":307,"column":69},"end":{"line":338,"column":1}}},"9":{"name":"(anonymous_20)","decl":{"start":{"line":346,"column":21},"end":{"line":346,"column":28}},"loc":{"start":{"line":346,"column":46},"end":{"line":372,"column":null}}},"10":{"name":"(anonymous_21)","decl":{"start":{"line":346,"column":46},"end":{"line":346,"column":null}},"loc":{"start":{"line":346,"column":46},"end":{"line":372,"column":1}}},"11":{"name":"userItemAdd","decl":{"start":{"line":381,"column":15},"end":{"line":381,"column":26}},"loc":{"start":{"line":381,"column":43},"end":{"line":403,"column":null}}}},"branchMap":{"0":{"loc":{"start":{"line":26,"column":2},"end":{"line":28,"column":3}},"type":"if","locations":[{"start":{"line":26,"column":2},"end":{"line":28,"column":3}}]},"1":{"loc":{"start":{"line":30,"column":2},"end":{"line":33,"column":3}},"type":"if","locations":[{"start":{"line":30,"column":2},"end":{"line":33,"column":3}}]},"2":{"loc":{"start":{"line":36,"column":2},"end":{"line":40,"column":3}},"type":"if","locations":[{"start":{"line":36,"column":2},"end":{"line":40,"column":3}}]},"3":{"loc":{"start":{"line":36,"column":6},"end":{"line":38,"column":61}},"type":"binary-expr","locations":[{"start":{"line":36,"column":6},"end":{"line":36,"column":55}},{"start":{"line":37,"column":6},"end":{"line":37,"column":55}},{"start":{"line":38,"column":6},"end":{"line":38,"column":61}}]},"4":{"loc":{"start":{"line":44,"column":2},"end":{"line":47,"column":3}},"type":"if","locations":[{"start":{"line":44,"column":2},"end":{"line":47,"column":3}}]},"5":{"loc":{"start":{"line":44,"column":6},"end":{"line":45,"column":56}},"type":"binary-expr","locations":[{"start":{"line":44,"column":6},"end":{"line":44,"column":41}},{"start":{"line":44,"column":45},"end":{"line":44,"column":78}},{"start":{"line":45,"column":7},"end":{"line":45,"column":56}}]},"6":{"loc":{"start":{"line":50,"column":2},"end":{"line":52,"column":3}},"type":"if","locations":[{"start":{"line":50,"column":2},"end":{"line":52,"column":3}}]},"7":{"loc":{"start":{"line":56,"column":2},"end":{"line":58,"column":3}},"type":"if","locations":[{"start":{"line":56,"column":2},"end":{"line":58,"column":3}}]},"8":{"loc":{"start":{"line":64,"column":2},"end":{"line":66,"column":3}},"type":"if","locations":[{"start":{"line":64,"column":2},"end":{"line":66,"column":3}}]},"9":{"loc":{"start":{"line":75,"column":2},"end":{"line":78,"column":3}},"type":"if","locations":[{"start":{"line":75,"column":2},"end":{"line":78,"column":3}}]},"10":{"loc":{"start":{"line":90,"column":2},"end":{"line":92,"column":3}},"type":"if","locations":[{"start":{"line":90,"column":2},"end":{"line":92,"column":3}}]},"11":{"loc":{"start":{"line":94,"column":2},"end":{"line":97,"column":3}},"type":"if","locations":[{"start":{"line":94,"column":2},"end":{"line":97,"column":3}}]},"12":{"loc":{"start":{"line":100,"column":2},"end":{"line":104,"column":3}},"type":"if","locations":[{"start":{"line":100,"column":2},"end":{"line":104,"column":3}}]},"13":{"loc":{"start":{"line":100,"column":6},"end":{"line":102,"column":61}},"type":"binary-expr","locations":[{"start":{"line":100,"column":6},"end":{"line":100,"column":55}},{"start":{"line":101,"column":6},"end":{"line":101,"column":55}},{"start":{"line":102,"column":6},"end":{"line":102,"column":61}}]},"14":{"loc":{"start":{"line":106,"column":2},"end":{"line":110,"column":3}},"type":"if","locations":[{"start":{"line":106,"column":2},"end":{"line":110,"column":3}}]},"15":{"loc":{"start":{"line":106,"column":6},"end":{"line":108,"column":43}},"type":"binary-expr","locations":[{"start":{"line":106,"column":6},"end":{"line":106,"column":23}},{"start":{"line":106,"column":28},"end":{"line":106,"column":56}},{"start":{"line":107,"column":4},"end":{"line":107,"column":33}},{"start":{"line":108,"column":4},"end":{"line":108,"column":42}}]},"16":{"loc":{"start":{"line":114,"column":2},"end":{"line":117,"column":3}},"type":"if","locations":[{"start":{"line":114,"column":2},"end":{"line":117,"column":3}}]},"17":{"loc":{"start":{"line":114,"column":6},"end":{"line":115,"column":56}},"type":"binary-expr","locations":[{"start":{"line":114,"column":6},"end":{"line":114,"column":41}},{"start":{"line":114,"column":45},"end":{"line":114,"column":78}},{"start":{"line":115,"column":7},"end":{"line":115,"column":56}}]},"18":{"loc":{"start":{"line":120,"column":2},"end":{"line":122,"column":3}},"type":"if","locations":[{"start":{"line":120,"column":2},"end":{"line":122,"column":3}}]},"19":{"loc":{"start":{"line":124,"column":2},"end":{"line":126,"column":3}},"type":"if","locations":[{"start":{"line":124,"column":2},"end":{"line":126,"column":3}}]},"20":{"loc":{"start":{"line":124,"column":6},"end":{"line":124,"column":72}},"type":"binary-expr","locations":[{"start":{"line":124,"column":6},"end":{"line":124,"column":21}},{"start":{"line":124,"column":26},"end":{"line":124,"column":45}},{"start":{"line":124,"column":49},"end":{"line":124,"column":71}}]},"21":{"loc":{"start":{"line":130,"column":2},"end":{"line":132,"column":3}},"type":"if","locations":[{"start":{"line":130,"column":2},"end":{"line":132,"column":3}}]},"22":{"loc":{"start":{"line":138,"column":2},"end":{"line":140,"column":3}},"type":"if","locations":[{"start":{"line":138,"column":2},"end":{"line":140,"column":3}}]},"23":{"loc":{"start":{"line":142,"column":2},"end":{"line":145,"column":3}},"type":"if","locations":[{"start":{"line":142,"column":2},"end":{"line":145,"column":3}}]},"24":{"loc":{"start":{"line":142,"column":6},"end":{"line":143,"column":67}},"type":"binary-expr","locations":[{"start":{"line":142,"column":6},"end":{"line":142,"column":20}},{"start":{"line":142,"column":24},"end":{"line":142,"column":39}},{"start":{"line":143,"column":5},"end":{"line":143,"column":66}}]},"25":{"loc":{"start":{"line":152,"column":2},"end":{"line":155,"column":3}},"type":"if","locations":[{"start":{"line":152,"column":2},"end":{"line":155,"column":3}}]},"26":{"loc":{"start":{"line":171,"column":2},"end":{"line":173,"column":3}},"type":"if","locations":[{"start":{"line":171,"column":2},"end":{"line":173,"column":3}}]},"27":{"loc":{"start":{"line":175,"column":2},"end":{"line":177,"column":3}},"type":"if","locations":[{"start":{"line":175,"column":2},"end":{"line":177,"column":3}}]},"28":{"loc":{"start":{"line":180,"column":2},"end":{"line":182,"column":3}},"type":"if","locations":[{"start":{"line":180,"column":2},"end":{"line":182,"column":3}}]},"29":{"loc":{"start":{"line":187,"column":2},"end":{"line":189,"column":3}},"type":"if","locations":[{"start":{"line":187,"column":2},"end":{"line":189,"column":3}}]},"30":{"loc":{"start":{"line":205,"column":2},"end":{"line":207,"column":3}},"type":"if","locations":[{"start":{"line":205,"column":2},"end":{"line":207,"column":3}}]},"31":{"loc":{"start":{"line":209,"column":2},"end":{"line":211,"column":3}},"type":"if","locations":[{"start":{"line":209,"column":2},"end":{"line":211,"column":3}}]},"32":{"loc":{"start":{"line":214,"column":2},"end":{"line":216,"column":3}},"type":"if","locations":[{"start":{"line":214,"column":2},"end":{"line":216,"column":3}}]},"33":{"loc":{"start":{"line":218,"column":2},"end":{"line":220,"column":3}},"type":"if","locations":[{"start":{"line":218,"column":2},"end":{"line":220,"column":3}}]},"34":{"loc":{"start":{"line":225,"column":2},"end":{"line":227,"column":3}},"type":"if","locations":[{"start":{"line":225,"column":2},"end":{"line":227,"column":3}}]},"35":{"loc":{"start":{"line":244,"column":2},"end":{"line":246,"column":3}},"type":"if","locations":[{"start":{"line":244,"column":2},"end":{"line":246,"column":3}}]},"36":{"loc":{"start":{"line":244,"column":6},"end":{"line":244,"column":27}},"type":"binary-expr","locations":[{"start":{"line":244,"column":6},"end":{"line":244,"column":10}},{"start":{"line":244,"column":14},"end":{"line":244,"column":19}},{"start":{"line":244,"column":23},"end":{"line":244,"column":27}}]},"37":{"loc":{"start":{"line":247,"column":2},"end":{"line":249,"column":3}},"type":"if","locations":[{"start":{"line":247,"column":2},"end":{"line":249,"column":3}}]},"38":{"loc":{"start":{"line":252,"column":2},"end":{"line":254,"column":3}},"type":"if","locations":[{"start":{"line":252,"column":2},"end":{"line":254,"column":3}}]},"39":{"loc":{"start":{"line":272,"column":2},"end":{"line":274,"column":3}},"type":"if","locations":[{"start":{"line":272,"column":2},"end":{"line":274,"column":3}}]},"40":{"loc":{"start":{"line":276,"column":2},"end":{"line":289,"column":3}},"type":"if","locations":[{"start":{"line":276,"column":2},"end":{"line":289,"column":3}}]},"41":{"loc":{"start":{"line":291,"column":2},"end":{"line":295,"column":3}},"type":"if","locations":[{"start":{"line":291,"column":2},"end":{"line":295,"column":3}}]},"42":{"loc":{"start":{"line":308,"column":2},"end":{"line":310,"column":3}},"type":"if","locations":[{"start":{"line":308,"column":2},"end":{"line":310,"column":3}}]},"43":{"loc":{"start":{"line":308,"column":6},"end":{"line":308,"column":44}},"type":"binary-expr","locations":[{"start":{"line":308,"column":6},"end":{"line":308,"column":30}},{"start":{"line":308,"column":34},"end":{"line":308,"column":44}}]},"44":{"loc":{"start":{"line":313,"column":2},"end":{"line":315,"column":3}},"type":"if","locations":[{"start":{"line":313,"column":2},"end":{"line":315,"column":3}}]},"45":{"loc":{"start":{"line":318,"column":2},"end":{"line":318,"column":86}},"type":"if","locations":[{"start":{"line":318,"column":2},"end":{"line":318,"column":86}}]},"46":{"loc":{"start":{"line":322,"column":4},"end":{"line":322,"column":88}},"type":"if","locations":[{"start":{"line":322,"column":4},"end":{"line":322,"column":88}}]},"47":{"loc":{"start":{"line":326,"column":6},"end":{"line":329,"column":7}},"type":"if","locations":[{"start":{"line":326,"column":6},"end":{"line":329,"column":7}}]},"48":{"loc":{"start":{"line":326,"column":10},"end":{"line":327,"column":68}},"type":"binary-expr","locations":[{"start":{"line":326,"column":10},"end":{"line":326,"column":58}},{"start":{"line":327,"column":10},"end":{"line":327,"column":68}}]},"49":{"loc":{"start":{"line":332,"column":4},"end":{"line":334,"column":5}},"type":"if","locations":[{"start":{"line":332,"column":4},"end":{"line":334,"column":5}}]},"50":{"loc":{"start":{"line":349,"column":2},"end":{"line":351,"column":3}},"type":"if","locations":[{"start":{"line":349,"column":2},"end":{"line":351,"column":3}}]},"51":{"loc":{"start":{"line":353,"column":2},"end":{"line":356,"column":3}},"type":"if","locations":[{"start":{"line":353,"column":2},"end":{"line":356,"column":3}}]},"52":{"loc":{"start":{"line":363,"column":4},"end":{"line":367,"column":5}},"type":"if","locations":[{"start":{"line":363,"column":4},"end":{"line":367,"column":5}},{"start":{"line":365,"column":11},"end":{"line":367,"column":5}}]},"53":{"loc":{"start":{"line":383,"column":2},"end":{"line":385,"column":3}},"type":"if","locations":[{"start":{"line":383,"column":2},"end":{"line":385,"column":3}}]},"54":{"loc":{"start":{"line":387,"column":4},"end":{"line":389,"column":5}},"type":"if","locations":[{"start":{"line":387,"column":4},"end":{"line":389,"column":5}}]},"55":{"loc":{"start":{"line":390,"column":4},"end":{"line":394,"column":5}},"type":"if","locations":[{"start":{"line":390,"column":4},"end":{"line":394,"column":5}}]},"56":{"loc":{"start":{"line":390,"column":8},"end":{"line":392,"column":45}},"type":"binary-expr","locations":[{"start":{"line":390,"column":8},"end":{"line":390,"column":25}},{"start":{"line":390,"column":30},"end":{"line":390,"column":58}},{"start":{"line":391,"column":6},"end":{"line":391,"column":35}},{"start":{"line":392,"column":6},"end":{"line":392,"column":44}}]},"57":{"loc":{"start":{"line":396,"column":4},"end":{"line":399,"column":5}},"type":"if","locations":[{"start":{"line":396,"column":4},"end":{"line":399,"column":5}}]}},"s":{"0":11,"1":11,"2":11,"3":11,"4":11,"5":11,"6":11,"7":11,"8":11,"9":11,"10":11,"11":15,"12":1,"13":14,"14":14,"15":2,"16":12,"17":1,"18":11,"19":11,"20":2,"21":9,"22":1,"23":8,"24":8,"25":1,"26":7,"27":2,"28":1,"29":1,"30":1,"31":1,"32":1,"33":1,"34":1,"35":1,"36":1,"37":17,"38":1,"39":16,"40":16,"41":2,"42":14,"43":1,"44":13,"45":0,"46":13,"47":13,"48":2,"49":11,"50":1,"51":10,"52":2,"53":8,"54":8,"55":1,"56":7,"57":2,"58":1,"59":1,"60":0,"61":1,"62":1,"63":1,"64":1,"65":1,"66":1,"67":1,"68":11,"69":5,"70":5,"71":5,"72":2,"73":3,"74":3,"75":1,"76":2,"77":1,"78":1,"79":1,"80":1,"81":0,"82":1,"83":11,"84":11,"85":4,"86":4,"87":4,"88":1,"89":3,"90":3,"91":1,"92":2,"93":1,"94":1,"95":0,"96":1,"97":1,"98":1,"99":0,"100":1,"101":1,"102":11,"103":6,"104":1,"105":5,"106":1,"107":4,"108":4,"109":1,"110":3,"111":3,"112":3,"113":3,"114":3,"115":3,"116":3,"117":3,"118":3,"119":3,"120":2,"121":2,"122":2,"123":2,"124":3,"125":2,"126":2,"127":3,"128":11,"129":6,"130":6,"131":2,"132":4,"133":4,"134":1,"135":3,"136":3,"137":1,"138":2,"139":2,"140":2,"141":2,"142":1,"143":1,"144":1,"145":1,"146":0,"147":1,"148":1,"149":1,"150":11,"151":11,"152":0,"153":0,"154":0,"155":0,"156":0,"157":0,"158":0,"159":0,"160":0,"161":0,"162":0,"163":0,"164":0,"165":0,"166":11,"167":9,"168":5,"169":1,"170":4,"171":6,"172":1,"173":5,"174":1,"175":4,"176":4,"177":1,"178":1,"179":1},"f":{"0":15,"1":17,"2":5,"3":5,"4":4,"5":4,"6":6,"7":6,"8":6,"9":0,"10":0,"11":9},"b":{"0":[1],"1":[2],"2":[1],"3":[12,12,11],"4":[2],"5":[11,10,10],"6":[1],"7":[1],"8":[1],"9":[1],"10":[1],"11":[2],"12":[1],"13":[14,14,13],"14":[0],"15":[13,13,13,13],"16":[2],"17":[13,12,12],"18":[1],"19":[2],"20":[10,3,2],"21":[1],"22":[1],"23":[0],"24":[1,1,1],"25":[1],"26":[2],"27":[1],"28":[1],"29":[0],"30":[1],"31":[1],"32":[1],"33":[0],"34":[0],"35":[1],"36":[6,2,1],"37":[1],"38":[1],"39":[3],"40":[2],"41":[2],"42":[2],"43":[6,5],"44":[1],"45":[1],"46":[1],"47":[0],"48":[1,0],"49":[1],"50":[0],"51":[0],"52":[0,0],"53":[1],"54":[1],"55":[1],"56":[5,5,5,4],"57":[1]}}
,"/Users/lachlanvan/Desktop/H13-redstone-goats/src/dataStoreV1.ts": {"path":"/Users/lachlanvan/Desktop/H13-redstone-goats/src/dataStoreV1.ts","statementMap":{"0":{"start":{"line":27,"column":0},"end":{"line":27,"column":22}},"1":{"start":{"line":43,"column":0},"end":{"line":43,"column":22}},"2":{"start":{"line":66,"column":0},"end":{"line":66,"column":22}},"3":{"start":{"line":83,"column":0},"end":{"line":83,"column":22}},"4":{"start":{"line":109,"column":0},"end":{"line":109,"column":22}},"5":{"start":{"line":124,"column":0},"end":{"line":124,"column":22}},"6":{"start":{"line":134,"column":0},"end":{"line":134,"column":22}},"7":{"start":{"line":142,"column":0},"end":{"line":142,"column":22}},"8":{"start":{"line":148,"column":0},"end":{"line":148,"column":22}},"9":{"start":{"line":160,"column":0},"end":{"line":160,"column":22}},"10":{"start":{"line":169,"column":0},"end":{"line":169,"column":22}},"11":{"start":{"line":188,"column":0},"end":{"line":188,"column":22}},"12":{"start":{"line":203,"column":0},"end":{"line":203,"column":22}},"13":{"start":{"line":228,"column":0},"end":{"line":228,"column":22}},"14":{"start":{"line":243,"column":0},"end":{"line":243,"column":22}},"15":{"start":{"line":279,"column":0},"end":{"line":279,"column":22}},"16":{"start":{"line":289,"column":0},"end":{"line":289,"column":22}},"17":{"start":{"line":351,"column":0},"end":{"line":351,"column":22}},"18":{"start":{"line":431,"column":0},"end":{"line":431,"column":22}},"19":{"start":{"line":446,"column":0},"end":{"line":446,"column":22}},"20":{"start":{"line":505,"column":0},"end":{"line":505,"column":22}},"21":{"start":{"line":538,"column":0},"end":{"line":538,"column":22}},"22":{"start":{"line":549,"column":0},"end":{"line":549,"column":22}},"23":{"start":{"line":555,"column":0},"end":{"line":555,"column":22}},"24":{"start":{"line":563,"column":0},"end":{"line":563,"column":22}},"25":{"start":{"line":571,"column":0},"end":{"line":571,"column":22}},"26":{"start":{"line":1,"column":0},"end":{"line":1,"column":24}},"27":{"start":{"line":2,"column":0},"end":{"line":2,"column":null}},"28":{"start":{"line":28,"column":2},"end":{"line":28,"column":59}},"29":{"start":{"line":29,"column":2},"end":{"line":29,"column":85}},"30":{"start":{"line":30,"column":14},"end":{"line":37,"column":null}},"31":{"start":{"line":39,"column":2},"end":{"line":39,"column":24}},"32":{"start":{"line":45,"column":14},"end":{"line":45,"column":78}},"33":{"start":{"line":46,"column":2},"end":{"line":46,"column":41}},"34":{"start":{"line":46,"column":29},"end":{"line":46,"column":41}},"35":{"start":{"line":48,"column":15},"end":{"line":48,"column":26}},"36":{"start":{"line":49,"column":29},"end":{"line":61,"column":4}},"37":{"start":{"line":62,"column":2},"end":{"line":62,"column":20}},"38":{"start":{"line":67,"column":14},"end":{"line":67,"column":78}},"39":{"start":{"line":68,"column":2},"end":{"line":68,"column":41}},"40":{"start":{"line":68,"column":29},"end":{"line":68,"column":41}},"41":{"start":{"line":70,"column":15},"end":{"line":70,"column":26}},"42":{"start":{"line":71,"column":35},"end":{"line":78,"column":4}},"43":{"start":{"line":79,"column":2},"end":{"line":79,"column":20}},"44":{"start":{"line":84,"column":14},"end":{"line":84,"column":54}},"45":{"start":{"line":85,"column":2},"end":{"line":85,"column":39}},"46":{"start":{"line":85,"column":29},"end":{"line":85,"column":39}},"47":{"start":{"line":87,"column":32},"end":{"line":87,"column":34}},"48":{"start":{"line":88,"column":2},"end":{"line":104,"column":3}},"49":{"start":{"line":89,"column":31},"end":{"line":101,"column":6}},"50":{"start":{"line":103,"column":4},"end":{"line":103,"column":33}},"51":{"start":{"line":105,"column":2},"end":{"line":105,"column":21}},"52":{"start":{"line":110,"column":2},"end":{"line":110,"column":37}},"53":{"start":{"line":110,"column":24},"end":{"line":110,"column":37}},"54":{"start":{"line":111,"column":14},"end":{"line":118,"column":null}},"55":{"start":{"line":120,"column":2},"end":{"line":120,"column":30}},"56":{"start":{"line":125,"column":14},"end":{"line":125,"column":88}},"57":{"start":{"line":126,"column":2},"end":{"line":126,"column":31}},"58":{"start":{"line":135,"column":14},"end":{"line":136,"column":95}},"59":{"start":{"line":138,"column":2},"end":{"line":138,"column":31}},"60":{"start":{"line":143,"column":14},"end":{"line":143,"column":88}},"61":{"start":{"line":144,"column":2},"end":{"line":144,"column":31}},"62":{"start":{"line":149,"column":14},"end":{"line":150,"column":null}},"63":{"start":{"line":152,"column":2},"end":{"line":152,"column":31}},"64":{"start":{"line":161,"column":14},"end":{"line":163,"column":null}},"65":{"start":{"line":165,"column":2},"end":{"line":165,"column":55}},"66":{"start":{"line":170,"column":14},"end":{"line":170,"column":78}},"67":{"start":{"line":171,"column":2},"end":{"line":171,"column":41}},"68":{"start":{"line":171,"column":29},"end":{"line":171,"column":41}},"69":{"start":{"line":173,"column":15},"end":{"line":173,"column":26}},"70":{"start":{"line":174,"column":23},"end":{"line":174,"column":60}},"71":{"start":{"line":175,"column":2},"end":{"line":175,"column":41}},"72":{"start":{"line":175,"column":29},"end":{"line":175,"column":41}},"73":{"start":{"line":177,"column":29},"end":{"line":183,"column":4}},"74":{"start":{"line":184,"column":2},"end":{"line":184,"column":20}},"75":{"start":{"line":189,"column":18},"end":{"line":189,"column":92}},"76":{"start":{"line":190,"column":16},"end":{"line":190,"column":28}},"77":{"start":{"line":191,"column":2},"end":{"line":191,"column":36}},"78":{"start":{"line":191,"column":26},"end":{"line":191,"column":36}},"79":{"start":{"line":193,"column":32},"end":{"line":193,"column":34}},"80":{"start":{"line":194,"column":2},"end":{"line":198,"column":3}},"81":{"start":{"line":195,"column":23},"end":{"line":195,"column":47}},"82":{"start":{"line":196,"column":4},"end":{"line":196,"column":39}},"83":{"start":{"line":196,"column":29},"end":{"line":196,"column":39}},"84":{"start":{"line":197,"column":4},"end":{"line":197,"column":33}},"85":{"start":{"line":199,"column":2},"end":{"line":199,"column":21}},"86":{"start":{"line":204,"column":18},"end":{"line":207,"column":null}},"87":{"start":{"line":209,"column":16},"end":{"line":209,"column":28}},"88":{"start":{"line":210,"column":2},"end":{"line":210,"column":36}},"89":{"start":{"line":210,"column":26},"end":{"line":210,"column":36}},"90":{"start":{"line":212,"column":37},"end":{"line":212,"column":39}},"91":{"start":{"line":213,"column":2},"end":{"line":223,"column":3}},"92":{"start":{"line":214,"column":36},"end":{"line":220,"column":6}},"93":{"start":{"line":222,"column":4},"end":{"line":222,"column":33}},"94":{"start":{"line":224,"column":2},"end":{"line":224,"column":21}},"95":{"start":{"line":229,"column":18},"end":{"line":231,"column":null}},"96":{"start":{"line":234,"column":32},"end":{"line":234,"column":34}},"97":{"start":{"line":235,"column":2},"end":{"line":238,"column":3}},"98":{"start":{"line":236,"column":23},"end":{"line":236,"column":52}},"99":{"start":{"line":237,"column":4},"end":{"line":237,"column":57}},"100":{"start":{"line":237,"column":28},"end":{"line":237,"column":57}},"101":{"start":{"line":239,"column":2},"end":{"line":239,"column":21}},"102":{"start":{"line":244,"column":20},"end":{"line":247,"column":null}},"103":{"start":{"line":249,"column":21},"end":{"line":249,"column":61}},"104":{"start":{"line":249,"column":47},"end":{"line":249,"column":60}},"105":{"start":{"line":250,"column":2},"end":{"line":250,"column":41}},"106":{"start":{"line":250,"column":31},"end":{"line":250,"column":41}},"107":{"start":{"line":252,"column":19},"end":{"line":255,"column":null}},"108":{"start":{"line":257,"column":19},"end":{"line":257,"column":56}},"109":{"start":{"line":257,"column":44},"end":{"line":257,"column":55}},"110":{"start":{"line":258,"column":2},"end":{"line":258,"column":39}},"111":{"start":{"line":258,"column":29},"end":{"line":258,"column":39}},"112":{"start":{"line":260,"column":32},"end":{"line":260,"column":34}},"113":{"start":{"line":261,"column":2},"end":{"line":273,"column":3}},"114":{"start":{"line":262,"column":20},"end":{"line":267,"column":null}},"115":{"start":{"line":267,"column":35},"end":{"line":267,"column":43}},"116":{"start":{"line":269,"column":4},"end":{"line":269,"column":44}},"117":{"start":{"line":269,"column":35},"end":{"line":269,"column":44}},"118":{"start":{"line":271,"column":23},"end":{"line":271,"column":58}},"119":{"start":{"line":272,"column":4},"end":{"line":272,"column":57}},"120":{"start":{"line":272,"column":28},"end":{"line":272,"column":57}},"121":{"start":{"line":275,"column":2},"end":{"line":275,"column":21}},"122":{"start":{"line":280,"column":14},"end":{"line":280,"column":89}},"123":{"start":{"line":281,"column":2},"end":{"line":281,"column":31}},"124":{"start":{"line":290,"column":17},"end":{"line":290,"column":37}},"125":{"start":{"line":292,"column":2},"end":{"line":347,"column":3}},"126":{"start":{"line":293,"column":4},"end":{"line":293,"column":32}},"127":{"start":{"line":295,"column":27},"end":{"line":295,"column":47}},"128":{"start":{"line":296,"column":23},"end":{"line":299,"column":null}},"129":{"start":{"line":302,"column":21},"end":{"line":302,"column":35}},"130":{"start":{"line":303,"column":24},"end":{"line":310,"column":null}},"131":{"start":{"line":314,"column":4},"end":{"line":314,"column":50}},"132":{"start":{"line":315,"column":4},"end":{"line":315,"column":68}},"133":{"start":{"line":316,"column":21},"end":{"line":322,"column":null}},"134":{"start":{"line":324,"column":20},"end":{"line":324,"column":39}},"135":{"start":{"line":326,"column":4},"end":{"line":337,"column":5}},"136":{"start":{"line":326,"column":21},"end":{"line":326,"column":22}},"137":{"start":{"line":327,"column":6},"end":{"line":331,"column":7}},"138":{"start":{"line":328,"column":23},"end":{"line":328,"column":58}},"139":{"start":{"line":329,"column":8},"end":{"line":329,"column":70}},"140":{"start":{"line":329,"column":29},"end":{"line":329,"column":70}},"141":{"start":{"line":330,"column":8},"end":{"line":330,"column":39}},"142":{"start":{"line":333,"column":6},"end":{"line":336,"column":8}},"143":{"start":{"line":339,"column":4},"end":{"line":339,"column":33}},"144":{"start":{"line":340,"column":4},"end":{"line":340,"column":19}},"145":{"start":{"line":342,"column":4},"end":{"line":342,"column":35}},"146":{"start":{"line":343,"column":4},"end":{"line":343,"column":46}},"147":{"start":{"line":344,"column":4},"end":{"line":344,"column":16}},"148":{"start":{"line":346,"column":4},"end":{"line":346,"column":21}},"149":{"start":{"line":352,"column":19},"end":{"line":352,"column":85}},"150":{"start":{"line":353,"column":2},"end":{"line":353,"column":46}},"151":{"start":{"line":353,"column":34},"end":{"line":353,"column":46}},"152":{"start":{"line":354,"column":16},"end":{"line":354,"column":32}},"153":{"start":{"line":356,"column":18},"end":{"line":358,"column":null}},"154":{"start":{"line":361,"column":32},"end":{"line":361,"column":34}},"155":{"start":{"line":362,"column":36},"end":{"line":362,"column":38}},"156":{"start":{"line":363,"column":2},"end":{"line":377,"column":3}},"157":{"start":{"line":364,"column":25},"end":{"line":364,"column":62}},"158":{"start":{"line":365,"column":4},"end":{"line":365,"column":43}},"159":{"start":{"line":365,"column":31},"end":{"line":365,"column":43}},"160":{"start":{"line":367,"column":31},"end":{"line":373,"column":6}},"161":{"start":{"line":375,"column":4},"end":{"line":375,"column":33}},"162":{"start":{"line":376,"column":4},"end":{"line":376,"column":40}},"163":{"start":{"line":379,"column":22},"end":{"line":379,"column":59}},"164":{"start":{"line":380,"column":2},"end":{"line":380,"column":40}},"165":{"start":{"line":380,"column":28},"end":{"line":380,"column":40}},"166":{"start":{"line":382,"column":21},"end":{"line":383,"column":null}},"167":{"start":{"line":385,"column":2},"end":{"line":385,"column":48}},"168":{"start":{"line":385,"column":36},"end":{"line":385,"column":48}},"169":{"start":{"line":386,"column":25},"end":{"line":386,"column":43}},"170":{"start":{"line":388,"column":42},"end":{"line":392,"column":null}},"171":{"start":{"line":394,"column":22},"end":{"line":395,"column":null}},"172":{"start":{"line":397,"column":2},"end":{"line":397,"column":49}},"173":{"start":{"line":397,"column":37},"end":{"line":397,"column":49}},"174":{"start":{"line":398,"column":19},"end":{"line":398,"column":38}},"175":{"start":{"line":400,"column":49},"end":{"line":411,"column":null}},"176":{"start":{"line":413,"column":31},"end":{"line":424,"column":4}},"177":{"start":{"line":425,"column":2},"end":{"line":425,"column":81}},"178":{"start":{"line":425,"column":32},"end":{"line":425,"column":81}},"179":{"start":{"line":426,"column":2},"end":{"line":426,"column":78}},"180":{"start":{"line":426,"column":34},"end":{"line":426,"column":78}},"181":{"start":{"line":427,"column":2},"end":{"line":427,"column":21}},"182":{"start":{"line":432,"column":19},"end":{"line":432,"column":92}},"183":{"start":{"line":433,"column":17},"end":{"line":433,"column":30}},"184":{"start":{"line":434,"column":2},"end":{"line":434,"column":37}},"185":{"start":{"line":434,"column":27},"end":{"line":434,"column":37}},"186":{"start":{"line":436,"column":34},"end":{"line":436,"column":36}},"187":{"start":{"line":437,"column":2},"end":{"line":441,"column":3}},"188":{"start":{"line":438,"column":24},"end":{"line":438,"column":50}},"189":{"start":{"line":439,"column":4},"end":{"line":439,"column":40}},"190":{"start":{"line":439,"column":30},"end":{"line":439,"column":40}},"191":{"start":{"line":440,"column":4},"end":{"line":440,"column":35}},"192":{"start":{"line":442,"column":2},"end":{"line":442,"column":22}},"193":{"start":{"line":447,"column":2},"end":{"line":447,"column":38}},"194":{"start":{"line":447,"column":25},"end":{"line":447,"column":38}},"195":{"start":{"line":448,"column":17},"end":{"line":448,"column":37}},"196":{"start":{"line":450,"column":2},"end":{"line":501,"column":3}},"197":{"start":{"line":451,"column":4},"end":{"line":451,"column":32}},"198":{"start":{"line":453,"column":27},"end":{"line":453,"column":47}},"199":{"start":{"line":454,"column":23},"end":{"line":458,"column":null}},"200":{"start":{"line":460,"column":4},"end":{"line":460,"column":76}},"201":{"start":{"line":460,"column":35},"end":{"line":460,"column":76}},"202":{"start":{"line":463,"column":21},"end":{"line":463,"column":35}},"203":{"start":{"line":464,"column":24},"end":{"line":472,"column":null}},"204":{"start":{"line":474,"column":4},"end":{"line":474,"column":78}},"205":{"start":{"line":474,"column":36},"end":{"line":474,"column":78}},"206":{"start":{"line":476,"column":21},"end":{"line":481,"column":null}},"207":{"start":{"line":483,"column":4},"end":{"line":483,"column":75}},"208":{"start":{"line":483,"column":33},"end":{"line":483,"column":75}},"209":{"start":{"line":485,"column":4},"end":{"line":485,"column":81}},"210":{"start":{"line":486,"column":4},"end":{"line":491,"column":5}},"211":{"start":{"line":486,"column":21},"end":{"line":486,"column":22}},"212":{"start":{"line":487,"column":6},"end":{"line":490,"column":8}},"213":{"start":{"line":493,"column":4},"end":{"line":493,"column":33}},"214":{"start":{"line":494,"column":4},"end":{"line":494,"column":16}},"215":{"start":{"line":496,"column":4},"end":{"line":496,"column":35}},"216":{"start":{"line":497,"column":4},"end":{"line":497,"column":48}},"217":{"start":{"line":498,"column":4},"end":{"line":498,"column":17}},"218":{"start":{"line":500,"column":4},"end":{"line":500,"column":21}},"219":{"start":{"line":506,"column":17},"end":{"line":506,"column":37}},"220":{"start":{"line":508,"column":2},"end":{"line":530,"column":3}},"221":{"start":{"line":509,"column":4},"end":{"line":509,"column":32}},"222":{"start":{"line":511,"column":19},"end":{"line":512,"column":null}},"223":{"start":{"line":514,"column":4},"end":{"line":514,"column":77}},"224":{"start":{"line":514,"column":34},"end":{"line":514,"column":77}},"225":{"start":{"line":515,"column":38},"end":{"line":515,"column":52}},"226":{"start":{"line":517,"column":4},"end":{"line":517,"column":81}},"227":{"start":{"line":518,"column":4},"end":{"line":518,"column":71}},"228":{"start":{"line":519,"column":4},"end":{"line":519,"column":81}},"229":{"start":{"line":520,"column":4},"end":{"line":520,"column":88}},"230":{"start":{"line":522,"column":4},"end":{"line":522,"column":33}},"231":{"start":{"line":523,"column":4},"end":{"line":523,"column":16}},"232":{"start":{"line":525,"column":4},"end":{"line":525,"column":35}},"233":{"start":{"line":526,"column":4},"end":{"line":526,"column":48}},"234":{"start":{"line":527,"column":4},"end":{"line":527,"column":17}},"235":{"start":{"line":529,"column":4},"end":{"line":529,"column":21}},"236":{"start":{"line":539,"column":14},"end":{"line":540,"column":null}},"237":{"start":{"line":542,"column":21},"end":{"line":542,"column":35}},"238":{"start":{"line":544,"column":2},"end":{"line":544,"column":96}},"239":{"start":{"line":545,"column":2},"end":{"line":545,"column":20}},"240":{"start":{"line":550,"column":14},"end":{"line":550,"column":96}},"241":{"start":{"line":551,"column":2},"end":{"line":551,"column":64}},"242":{"start":{"line":556,"column":14},"end":{"line":557,"column":null}},"243":{"start":{"line":559,"column":2},"end":{"line":559,"column":64}},"244":{"start":{"line":564,"column":14},"end":{"line":565,"column":null}},"245":{"start":{"line":567,"column":2},"end":{"line":567,"column":75}},"246":{"start":{"line":567,"column":53},"end":{"line":567,"column":68}},"247":{"start":{"line":572,"column":14},"end":{"line":572,"column":99}},"248":{"start":{"line":573,"column":2},"end":{"line":573,"column":31}}},"fnMap":{"0":{"name":"addUserV1","decl":{"start":{"line":27,"column":22},"end":{"line":27,"column":31}},"loc":{"start":{"line":27,"column":44},"end":{"line":40,"column":null}}},"1":{"name":"getUserV1","decl":{"start":{"line":43,"column":22},"end":{"line":43,"column":31}},"loc":{"start":{"line":43,"column":46},"end":{"line":63,"column":null}}},"2":{"name":"getUserSimpleV1","decl":{"start":{"line":66,"column":22},"end":{"line":66,"column":37}},"loc":{"start":{"line":66,"column":52},"end":{"line":80,"column":null}}},"3":{"name":"getAllUsersV1","decl":{"start":{"line":83,"column":22},"end":{"line":83,"column":35}},"loc":{"start":{"line":83,"column":35},"end":{"line":106,"column":null}}},"4":{"name":"updateUserV1","decl":{"start":{"line":109,"column":22},"end":{"line":109,"column":34}},"loc":{"start":{"line":109,"column":47},"end":{"line":121,"column":null}}},"5":{"name":"deleteUserV1","decl":{"start":{"line":124,"column":22},"end":{"line":124,"column":34}},"loc":{"start":{"line":124,"column":49},"end":{"line":127,"column":null}}},"6":{"name":"addTokenV1","decl":{"start":{"line":134,"column":22},"end":{"line":134,"column":32}},"loc":{"start":{"line":134,"column":62},"end":{"line":139,"column":null}}},"7":{"name":"validTokenV1","decl":{"start":{"line":142,"column":22},"end":{"line":142,"column":34}},"loc":{"start":{"line":142,"column":48},"end":{"line":145,"column":null}}},"8":{"name":"deleteTokenV1","decl":{"start":{"line":148,"column":22},"end":{"line":148,"column":35}},"loc":{"start":{"line":148,"column":49},"end":{"line":153,"column":null}}},"9":{"name":"addItemV1","decl":{"start":{"line":160,"column":22},"end":{"line":160,"column":31}},"loc":{"start":{"line":160,"column":44},"end":{"line":166,"column":null}}},"10":{"name":"getItemV1","decl":{"start":{"line":169,"column":22},"end":{"line":169,"column":31}},"loc":{"start":{"line":169,"column":46},"end":{"line":185,"column":null}}},"11":{"name":"getItemsBySellerV1","decl":{"start":{"line":188,"column":22},"end":{"line":188,"column":40}},"loc":{"start":{"line":188,"column":57},"end":{"line":200,"column":null}}},"12":{"name":"getItemSellerSalesV1","decl":{"start":{"line":203,"column":22},"end":{"line":203,"column":42}},"loc":{"start":{"line":203,"column":59},"end":{"line":225,"column":null}}},"13":{"name":"getPopularItemsV1","decl":{"start":{"line":228,"column":22},"end":{"line":228,"column":39}},"loc":{"start":{"line":228,"column":53},"end":{"line":240,"column":null}}},"14":{"name":"getItemBuyerRecommendationsV1","decl":{"start":{"line":243,"column":22},"end":{"line":243,"column":51}},"loc":{"start":{"line":243,"column":81},"end":{"line":276,"column":null}}},"15":{"name":"(anonymous_38)","decl":{"start":{"line":249,"column":40},"end":{"line":249,"column":43}},"loc":{"start":{"line":249,"column":47},"end":{"line":249,"column":60}}},"16":{"name":"(anonymous_39)","decl":{"start":{"line":257,"column":37},"end":{"line":257,"column":40}},"loc":{"start":{"line":257,"column":44},"end":{"line":257,"column":55}}},"17":{"name":"(anonymous_40)","decl":{"start":{"line":267,"column":30},"end":{"line":267,"column":31}},"loc":{"start":{"line":267,"column":35},"end":{"line":267,"column":43}}},"18":{"name":"deleteItemV1","decl":{"start":{"line":279,"column":22},"end":{"line":279,"column":34}},"loc":{"start":{"line":279,"column":49},"end":{"line":282,"column":null}}},"19":{"name":"addOrderV1","decl":{"start":{"line":289,"column":22},"end":{"line":289,"column":32}},"loc":{"start":{"line":289,"column":47},"end":{"line":348,"column":null}}},"20":{"name":"getOrderV1","decl":{"start":{"line":351,"column":22},"end":{"line":351,"column":32}},"loc":{"start":{"line":351,"column":48},"end":{"line":428,"column":null}}},"21":{"name":"getOrdersByBuyerV1","decl":{"start":{"line":431,"column":22},"end":{"line":431,"column":40}},"loc":{"start":{"line":431,"column":56},"end":{"line":443,"column":null}}},"22":{"name":"updateOrderV1","decl":{"start":{"line":446,"column":22},"end":{"line":446,"column":35}},"loc":{"start":{"line":446,"column":50},"end":{"line":502,"column":null}}},"23":{"name":"deleteOrderV1","decl":{"start":{"line":505,"column":22},"end":{"line":505,"column":35}},"loc":{"start":{"line":505,"column":51},"end":{"line":531,"column":null}}},"24":{"name":"addOrderXMLV1","decl":{"start":{"line":538,"column":22},"end":{"line":538,"column":35}},"loc":{"start":{"line":538,"column":71},"end":{"line":546,"column":null}}},"25":{"name":"getOrderXMLV1","decl":{"start":{"line":549,"column":22},"end":{"line":549,"column":35}},"loc":{"start":{"line":549,"column":54},"end":{"line":552,"column":null}}},"26":{"name":"getLatestOrderXMLV1","decl":{"start":{"line":555,"column":22},"end":{"line":555,"column":41}},"loc":{"start":{"line":555,"column":57},"end":{"line":560,"column":null}}},"27":{"name":"getAllOrderXMLsV1","decl":{"start":{"line":563,"column":22},"end":{"line":563,"column":39}},"loc":{"start":{"line":563,"column":55},"end":{"line":568,"column":null}}},"28":{"name":"(anonymous_61)","decl":{"start":{"line":567,"column":46},"end":{"line":567,"column":49}},"loc":{"start":{"line":567,"column":53},"end":{"line":567,"column":68}}},"29":{"name":"deleteOrderXMLsV1","decl":{"start":{"line":571,"column":22},"end":{"line":571,"column":39}},"loc":{"start":{"line":571,"column":55},"end":{"line":574,"column":null}}}},"branchMap":{"0":{"loc":{"start":{"line":28,"column":29},"end":{"line":28,"column":58}},"type":"cond-expr","locations":[{"start":{"line":28,"column":53},"end":{"line":28,"column":57}},{"start":{"line":28,"column":57},"end":{"line":28,"column":58}}]},"1":{"loc":{"start":{"line":28,"column":29},"end":{"line":28,"column":57}},"type":"binary-expr","locations":[{"start":{"line":28,"column":29},"end":{"line":28,"column":57}},{"start":{"line":28,"column":53},"end":{"line":28,"column":57}}]},"2":{"loc":{"start":{"line":29,"column":42},"end":{"line":29,"column":84}},"type":"cond-expr","locations":[{"start":{"line":29,"column":79},"end":{"line":29,"column":83}},{"start":{"line":29,"column":83},"end":{"line":29,"column":84}}]},"3":{"loc":{"start":{"line":29,"column":42},"end":{"line":29,"column":83}},"type":"binary-expr","locations":[{"start":{"line":29,"column":42},"end":{"line":29,"column":83}},{"start":{"line":29,"column":79},"end":{"line":29,"column":83}}]},"4":{"loc":{"start":{"line":46,"column":2},"end":{"line":46,"column":41}},"type":"if","locations":[{"start":{"line":46,"column":2},"end":{"line":46,"column":41}}]},"5":{"loc":{"start":{"line":68,"column":2},"end":{"line":68,"column":41}},"type":"if","locations":[{"start":{"line":68,"column":2},"end":{"line":68,"column":41}}]},"6":{"loc":{"start":{"line":85,"column":2},"end":{"line":85,"column":39}},"type":"if","locations":[{"start":{"line":85,"column":2},"end":{"line":85,"column":39}}]},"7":{"loc":{"start":{"line":110,"column":2},"end":{"line":110,"column":37}},"type":"if","locations":[{"start":{"line":110,"column":2},"end":{"line":110,"column":37}}]},"8":{"loc":{"start":{"line":165,"column":9},"end":{"line":165,"column":54}},"type":"cond-expr","locations":[{"start":{"line":165,"column":33},"end":{"line":165,"column":47}},{"start":{"line":165,"column":50},"end":{"line":165,"column":54}}]},"9":{"loc":{"start":{"line":171,"column":2},"end":{"line":171,"column":41}},"type":"if","locations":[{"start":{"line":171,"column":2},"end":{"line":171,"column":41}}]},"10":{"loc":{"start":{"line":175,"column":2},"end":{"line":175,"column":41}},"type":"if","locations":[{"start":{"line":175,"column":2},"end":{"line":175,"column":41}}]},"11":{"loc":{"start":{"line":191,"column":2},"end":{"line":191,"column":36}},"type":"if","locations":[{"start":{"line":191,"column":2},"end":{"line":191,"column":36}}]},"12":{"loc":{"start":{"line":196,"column":4},"end":{"line":196,"column":39}},"type":"if","locations":[{"start":{"line":196,"column":4},"end":{"line":196,"column":39}}]},"13":{"loc":{"start":{"line":210,"column":2},"end":{"line":210,"column":36}},"type":"if","locations":[{"start":{"line":210,"column":2},"end":{"line":210,"column":36}}]},"14":{"loc":{"start":{"line":237,"column":4},"end":{"line":237,"column":57}},"type":"if","locations":[{"start":{"line":237,"column":4},"end":{"line":237,"column":57}}]},"15":{"loc":{"start":{"line":250,"column":2},"end":{"line":250,"column":41}},"type":"if","locations":[{"start":{"line":250,"column":2},"end":{"line":250,"column":41}}]},"16":{"loc":{"start":{"line":258,"column":2},"end":{"line":258,"column":39}},"type":"if","locations":[{"start":{"line":258,"column":2},"end":{"line":258,"column":39}}]},"17":{"loc":{"start":{"line":269,"column":4},"end":{"line":269,"column":44}},"type":"if","locations":[{"start":{"line":269,"column":4},"end":{"line":269,"column":44}}]},"18":{"loc":{"start":{"line":272,"column":4},"end":{"line":272,"column":57}},"type":"if","locations":[{"start":{"line":272,"column":4},"end":{"line":272,"column":57}}]},"19":{"loc":{"start":{"line":314,"column":19},"end":{"line":314,"column":49}},"type":"cond-expr","locations":[{"start":{"line":314,"column":31},"end":{"line":314,"column":35}},{"start":{"line":314,"column":35},"end":{"line":314,"column":49}}]},"20":{"loc":{"start":{"line":314,"column":19},"end":{"line":314,"column":35}},"type":"binary-expr","locations":[{"start":{"line":314,"column":19},"end":{"line":314,"column":35}},{"start":{"line":314,"column":31},"end":{"line":314,"column":35}}]},"21":{"loc":{"start":{"line":315,"column":23},"end":{"line":315,"column":67}},"type":"cond-expr","locations":[{"start":{"line":315,"column":39},"end":{"line":315,"column":43}},{"start":{"line":315,"column":43},"end":{"line":315,"column":67}}]},"22":{"loc":{"start":{"line":315,"column":23},"end":{"line":315,"column":43}},"type":"binary-expr","locations":[{"start":{"line":315,"column":23},"end":{"line":315,"column":43}},{"start":{"line":315,"column":39},"end":{"line":315,"column":43}}]},"23":{"loc":{"start":{"line":327,"column":6},"end":{"line":331,"column":7}},"type":"if","locations":[{"start":{"line":327,"column":6},"end":{"line":331,"column":7}}]},"24":{"loc":{"start":{"line":329,"column":8},"end":{"line":329,"column":70}},"type":"if","locations":[{"start":{"line":329,"column":8},"end":{"line":329,"column":70}}]},"25":{"loc":{"start":{"line":335,"column":41},"end":{"line":335,"column":69}},"type":"cond-expr","locations":[{"start":{"line":335,"column":64},"end":{"line":335,"column":68}},{"start":{"line":335,"column":68},"end":{"line":335,"column":69}}]},"26":{"loc":{"start":{"line":335,"column":41},"end":{"line":335,"column":68}},"type":"binary-expr","locations":[{"start":{"line":335,"column":41},"end":{"line":335,"column":68}},{"start":{"line":335,"column":64},"end":{"line":335,"column":68}}]},"27":{"loc":{"start":{"line":353,"column":2},"end":{"line":353,"column":46}},"type":"if","locations":[{"start":{"line":353,"column":2},"end":{"line":353,"column":46}}]},"28":{"loc":{"start":{"line":365,"column":4},"end":{"line":365,"column":43}},"type":"if","locations":[{"start":{"line":365,"column":4},"end":{"line":365,"column":43}}]},"29":{"loc":{"start":{"line":380,"column":2},"end":{"line":380,"column":40}},"type":"if","locations":[{"start":{"line":380,"column":2},"end":{"line":380,"column":40}}]},"30":{"loc":{"start":{"line":385,"column":2},"end":{"line":385,"column":48}},"type":"if","locations":[{"start":{"line":385,"column":2},"end":{"line":385,"column":48}}]},"31":{"loc":{"start":{"line":397,"column":2},"end":{"line":397,"column":49}},"type":"if","locations":[{"start":{"line":397,"column":2},"end":{"line":397,"column":49}}]},"32":{"loc":{"start":{"line":425,"column":2},"end":{"line":425,"column":81}},"type":"if","locations":[{"start":{"line":425,"column":2},"end":{"line":425,"column":81}}]},"33":{"loc":{"start":{"line":426,"column":2},"end":{"line":426,"column":78}},"type":"if","locations":[{"start":{"line":426,"column":2},"end":{"line":426,"column":78}}]},"34":{"loc":{"start":{"line":434,"column":2},"end":{"line":434,"column":37}},"type":"if","locations":[{"start":{"line":434,"column":2},"end":{"line":434,"column":37}}]},"35":{"loc":{"start":{"line":439,"column":4},"end":{"line":439,"column":40}},"type":"if","locations":[{"start":{"line":439,"column":4},"end":{"line":439,"column":40}}]},"36":{"loc":{"start":{"line":447,"column":2},"end":{"line":447,"column":38}},"type":"if","locations":[{"start":{"line":447,"column":2},"end":{"line":447,"column":38}}]},"37":{"loc":{"start":{"line":460,"column":4},"end":{"line":460,"column":76}},"type":"if","locations":[{"start":{"line":460,"column":4},"end":{"line":460,"column":76}}]},"38":{"loc":{"start":{"line":474,"column":4},"end":{"line":474,"column":78}},"type":"if","locations":[{"start":{"line":474,"column":4},"end":{"line":474,"column":78}}]},"39":{"loc":{"start":{"line":483,"column":4},"end":{"line":483,"column":75}},"type":"if","locations":[{"start":{"line":483,"column":4},"end":{"line":483,"column":75}}]},"40":{"loc":{"start":{"line":489,"column":42},"end":{"line":489,"column":70}},"type":"cond-expr","locations":[{"start":{"line":489,"column":65},"end":{"line":489,"column":69}},{"start":{"line":489,"column":69},"end":{"line":489,"column":70}}]},"41":{"loc":{"start":{"line":489,"column":42},"end":{"line":489,"column":69}},"type":"binary-expr","locations":[{"start":{"line":489,"column":42},"end":{"line":489,"column":69}},{"start":{"line":489,"column":65},"end":{"line":489,"column":69}}]},"42":{"loc":{"start":{"line":514,"column":4},"end":{"line":514,"column":77}},"type":"if","locations":[{"start":{"line":514,"column":4},"end":{"line":514,"column":77}}]},"43":{"loc":{"start":{"line":551,"column":9},"end":{"line":551,"column":63}},"type":"cond-expr","locations":[{"start":{"line":551,"column":33},"end":{"line":551,"column":56}},{"start":{"line":551,"column":59},"end":{"line":551,"column":63}}]},"44":{"loc":{"start":{"line":559,"column":9},"end":{"line":559,"column":63}},"type":"cond-expr","locations":[{"start":{"line":559,"column":33},"end":{"line":559,"column":56}},{"start":{"line":559,"column":59},"end":{"line":559,"column":63}}]},"45":{"loc":{"start":{"line":567,"column":9},"end":{"line":567,"column":74}},"type":"cond-expr","locations":[{"start":{"line":567,"column":33},"end":{"line":567,"column":69}},{"start":{"line":567,"column":72},"end":{"line":567,"column":74}}]}},"s":{"0":4,"1":4,"2":4,"3":4,"4":4,"5":4,"6":4,"7":4,"8":4,"9":4,"10":4,"11":4,"12":4,"13":4,"14":4,"15":4,"16":4,"17":4,"18":4,"19":4,"20":4,"21":4,"22":4,"23":4,"24":4,"25":4,"26":4,"27":4,"28":2,"29":2,"30":2,"31":0,"32":0,"33":0,"34":0,"35":0,"36":0,"37":0,"38":0,"39":0,"40":0,"41":0,"42":0,"43":0,"44":0,"45":0,"46":0,"47":0,"48":0,"49":0,"50":0,"51":0,"52":0,"53":0,"54":0,"55":0,"56":0,"57":0,"58":0,"59":0,"60":0,"61":0,"62":0,"63":0,"64":0,"65":0,"66":0,"67":0,"68":0,"69":0,"70":0,"71":0,"72":0,"73":0,"74":0,"75":0,"76":0,"77":0,"78":0,"79":0,"80":0,"81":0,"82":0,"83":0,"84":0,"85":0,"86":0,"87":0,"88":0,"89":0,"90":0,"91":0,"92":0,"93":0,"94":0,"95":0,"96":0,"97":0,"98":0,"99":0,"100":0,"101":0,"102":0,"103":0,"104":0,"105":0,"106":0,"107":0,"108":0,"109":0,"110":0,"111":0,"112":0,"113":0,"114":0,"115":0,"116":0,"117":0,"118":0,"119":0,"120":0,"121":0,"122":0,"123":0,"124":0,"125":0,"126":0,"127":0,"128":0,"129":0,"130":0,"131":0,"132":0,"133":0,"134":0,"135":0,"136":0,"137":0,"138":0,"139":0,"140":0,"141":0,"142":0,"143":0,"144":0,"145":0,"146":0,"147":0,"148":0,"149":0,"150":0,"151":0,"152":0,"153":0,"154":0,"155":0,"156":0,"157":0,"158":0,"159":0,"160":0,"161":0,"162":0,"163":0,"164":0,"165":0,"166":0,"167":0,"168":0,"169":0,"170":0,"171":0,"172":0,"173":0,"174":0,"175":0,"176":0,"177":0,"178":0,"179":0,"180":0,"181":0,"182":0,"183":0,"184":0,"185":0,"186":0,"187":0,"188":0,"189":0,"190":0,"191":0,"192":0,"193":0,"194":0,"195":0,"196":0,"197":0,"198":0,"199":0,"200":0,"201":0,"202":0,"203":0,"204":0,"205":0,"206":0,"207":0,"208":0,"209":0,"210":0,"211":0,"212":0,"213":0,"214":0,"215":0,"216":0,"217":0,"218":0,"219":0,"220":0,"221":0,"222":0,"223":0,"224":0,"225":0,"226":0,"227":0,"228":0,"229":0,"230":0,"231":0,"232":0,"233":0,"234":0,"235":0,"236":0,"237":0,"238":0,"239":0,"240":0,"241":0,"242":0,"243":0,"244":0,"245":0,"246":0,"247":0,"248":0},"f":{"0":2,"1":0,"2":0,"3":0,"4":0,"5":0,"6":0,"7":0,"8":0,"9":0,"10":0,"11":0,"12":0,"13":0,"14":0,"15":0,"16":0,"17":0,"18":0,"19":0,"20":0,"21":0,"22":0,"23":0,"24":0,"25":0,"26":0,"27":0,"28":0,"29":0},"b":{"0":[2,0],"1":[2,2],"2":[2,0],"3":[2,2],"4":[0],"5":[0],"6":[0],"7":[0],"8":[0,0],"9":[0],"10":[0],"11":[0],"12":[0],"13":[0],"14":[0],"15":[0],"16":[0],"17":[0],"18":[0],"19":[0,0],"20":[0,0],"21":[0,0],"22":[0,0],"23":[0],"24":[0],"25":[0,0],"26":[0,0],"27":[0],"28":[0],"29":[0],"30":[0],"31":[0],"32":[0],"33":[0],"34":[0],"35":[0],"36":[0],"37":[0],"38":[0],"39":[0],"40":[0,0],"41":[0,0],"42":[0],"43":[0,0],"44":[0,0],"45":[0,0]}}
,"/Users/lachlanvan/Desktop/H13-redstone-goats/src/dataStoreV2.ts": {"path":"/Users/lachlanvan/Desktop/H13-redstone-goats/src/dataStoreV2.ts","statementMap":{"0":{"start":{"line":22,"column":0},"end":{"line":22,"column":22}},"1":{"start":{"line":45,"column":0},"end":{"line":45,"column":22}},"2":{"start":{"line":54,"column":0},"end":{"line":54,"column":22}},"3":{"start":{"line":73,"column":0},"end":{"line":73,"column":22}},"4":{"start":{"line":102,"column":0},"end":{"line":102,"column":22}},"5":{"start":{"line":167,"column":0},"end":{"line":167,"column":22}},"6":{"start":{"line":252,"column":0},"end":{"line":252,"column":22}},"7":{"start":{"line":267,"column":0},"end":{"line":267,"column":22}},"8":{"start":{"line":328,"column":0},"end":{"line":328,"column":22}},"9":{"start":{"line":336,"column":0},"end":{"line":336,"column":22}},"10":{"start":{"line":1,"column":0},"end":{"line":1,"column":24}},"11":{"start":{"line":2,"column":0},"end":{"line":2,"column":null}},"12":{"start":{"line":4,"column":0},"end":{"line":4,"column":42}},"13":{"start":{"line":23,"column":14},"end":{"line":23,"column":78}},"14":{"start":{"line":24,"column":2},"end":{"line":24,"column":41}},"15":{"start":{"line":24,"column":29},"end":{"line":24,"column":41}},"16":{"start":{"line":26,"column":15},"end":{"line":26,"column":26}},"17":{"start":{"line":27,"column":35},"end":{"line":35,"column":4}},"18":{"start":{"line":36,"column":2},"end":{"line":36,"column":56}},"19":{"start":{"line":36,"column":26},"end":{"line":36,"column":56}},"20":{"start":{"line":37,"column":2},"end":{"line":37,"column":20}},"21":{"start":{"line":46,"column":14},"end":{"line":48,"column":null}},"22":{"start":{"line":50,"column":2},"end":{"line":50,"column":55}},"23":{"start":{"line":55,"column":14},"end":{"line":55,"column":78}},"24":{"start":{"line":56,"column":2},"end":{"line":56,"column":41}},"25":{"start":{"line":56,"column":29},"end":{"line":56,"column":41}},"26":{"start":{"line":58,"column":15},"end":{"line":58,"column":26}},"27":{"start":{"line":59,"column":23},"end":{"line":59,"column":60}},"28":{"start":{"line":60,"column":2},"end":{"line":60,"column":41}},"29":{"start":{"line":60,"column":29},"end":{"line":60,"column":41}},"30":{"start":{"line":62,"column":29},"end":{"line":68,"column":4}},"31":{"start":{"line":69,"column":2},"end":{"line":69,"column":20}},"32":{"start":{"line":74,"column":23},"end":{"line":77,"column":null}},"33":{"start":{"line":79,"column":21},"end":{"line":79,"column":38}},"34":{"start":{"line":80,"column":2},"end":{"line":80,"column":41}},"35":{"start":{"line":80,"column":31},"end":{"line":80,"column":41}},"36":{"start":{"line":82,"column":42},"end":{"line":82,"column":44}},"37":{"start":{"line":83,"column":2},"end":{"line":93,"column":3}},"38":{"start":{"line":84,"column":24},"end":{"line":84,"column":65}},"39":{"start":{"line":85,"column":4},"end":{"line":85,"column":40}},"40":{"start":{"line":85,"column":30},"end":{"line":85,"column":40}},"41":{"start":{"line":87,"column":41},"end":{"line":91,"column":6}},"42":{"start":{"line":92,"column":4},"end":{"line":92,"column":43}},"43":{"start":{"line":94,"column":2},"end":{"line":94,"column":26}},"44":{"start":{"line":103,"column":17},"end":{"line":103,"column":37}},"45":{"start":{"line":105,"column":2},"end":{"line":163,"column":3}},"46":{"start":{"line":106,"column":4},"end":{"line":106,"column":32}},"47":{"start":{"line":108,"column":27},"end":{"line":108,"column":47}},"48":{"start":{"line":109,"column":23},"end":{"line":112,"column":null}},"49":{"start":{"line":115,"column":21},"end":{"line":115,"column":35}},"50":{"start":{"line":116,"column":24},"end":{"line":123,"column":null}},"51":{"start":{"line":127,"column":4},"end":{"line":127,"column":50}},"52":{"start":{"line":128,"column":4},"end":{"line":128,"column":68}},"53":{"start":{"line":129,"column":21},"end":{"line":138,"column":null}},"54":{"start":{"line":140,"column":20},"end":{"line":140,"column":39}},"55":{"start":{"line":142,"column":4},"end":{"line":153,"column":5}},"56":{"start":{"line":142,"column":21},"end":{"line":142,"column":22}},"57":{"start":{"line":143,"column":6},"end":{"line":147,"column":7}},"58":{"start":{"line":144,"column":23},"end":{"line":144,"column":58}},"59":{"start":{"line":145,"column":8},"end":{"line":145,"column":70}},"60":{"start":{"line":145,"column":29},"end":{"line":145,"column":70}},"61":{"start":{"line":146,"column":8},"end":{"line":146,"column":39}},"62":{"start":{"line":149,"column":6},"end":{"line":152,"column":8}},"63":{"start":{"line":155,"column":4},"end":{"line":155,"column":33}},"64":{"start":{"line":156,"column":4},"end":{"line":156,"column":19}},"65":{"start":{"line":158,"column":4},"end":{"line":158,"column":35}},"66":{"start":{"line":159,"column":4},"end":{"line":159,"column":46}},"67":{"start":{"line":160,"column":4},"end":{"line":160,"column":16}},"68":{"start":{"line":162,"column":4},"end":{"line":162,"column":21}},"69":{"start":{"line":168,"column":19},"end":{"line":168,"column":85}},"70":{"start":{"line":169,"column":2},"end":{"line":169,"column":46}},"71":{"start":{"line":169,"column":34},"end":{"line":169,"column":46}},"72":{"start":{"line":170,"column":16},"end":{"line":170,"column":32}},"73":{"start":{"line":172,"column":18},"end":{"line":174,"column":null}},"74":{"start":{"line":177,"column":32},"end":{"line":177,"column":34}},"75":{"start":{"line":178,"column":36},"end":{"line":178,"column":38}},"76":{"start":{"line":179,"column":2},"end":{"line":193,"column":3}},"77":{"start":{"line":180,"column":25},"end":{"line":180,"column":62}},"78":{"start":{"line":181,"column":4},"end":{"line":181,"column":43}},"79":{"start":{"line":181,"column":31},"end":{"line":181,"column":43}},"80":{"start":{"line":183,"column":31},"end":{"line":189,"column":6}},"81":{"start":{"line":191,"column":4},"end":{"line":191,"column":33}},"82":{"start":{"line":192,"column":4},"end":{"line":192,"column":40}},"83":{"start":{"line":195,"column":22},"end":{"line":195,"column":59}},"84":{"start":{"line":196,"column":2},"end":{"line":196,"column":40}},"85":{"start":{"line":196,"column":28},"end":{"line":196,"column":40}},"86":{"start":{"line":198,"column":21},"end":{"line":199,"column":null}},"87":{"start":{"line":201,"column":2},"end":{"line":201,"column":48}},"88":{"start":{"line":201,"column":36},"end":{"line":201,"column":48}},"89":{"start":{"line":202,"column":25},"end":{"line":202,"column":43}},"90":{"start":{"line":204,"column":42},"end":{"line":208,"column":null}},"91":{"start":{"line":210,"column":22},"end":{"line":211,"column":null}},"92":{"start":{"line":213,"column":2},"end":{"line":213,"column":49}},"93":{"start":{"line":213,"column":37},"end":{"line":213,"column":49}},"94":{"start":{"line":214,"column":19},"end":{"line":214,"column":38}},"95":{"start":{"line":216,"column":49},"end":{"line":227,"column":null}},"96":{"start":{"line":229,"column":31},"end":{"line":244,"column":4}},"97":{"start":{"line":245,"column":2},"end":{"line":245,"column":81}},"98":{"start":{"line":245,"column":32},"end":{"line":245,"column":81}},"99":{"start":{"line":246,"column":2},"end":{"line":246,"column":78}},"100":{"start":{"line":246,"column":31},"end":{"line":246,"column":78}},"101":{"start":{"line":247,"column":2},"end":{"line":247,"column":78}},"102":{"start":{"line":247,"column":34},"end":{"line":247,"column":78}},"103":{"start":{"line":248,"column":2},"end":{"line":248,"column":21}},"104":{"start":{"line":253,"column":19},"end":{"line":253,"column":92}},"105":{"start":{"line":254,"column":17},"end":{"line":254,"column":30}},"106":{"start":{"line":255,"column":2},"end":{"line":255,"column":37}},"107":{"start":{"line":255,"column":27},"end":{"line":255,"column":37}},"108":{"start":{"line":257,"column":34},"end":{"line":257,"column":36}},"109":{"start":{"line":258,"column":2},"end":{"line":262,"column":3}},"110":{"start":{"line":259,"column":24},"end":{"line":259,"column":50}},"111":{"start":{"line":260,"column":4},"end":{"line":260,"column":40}},"112":{"start":{"line":260,"column":30},"end":{"line":260,"column":40}},"113":{"start":{"line":261,"column":4},"end":{"line":261,"column":35}},"114":{"start":{"line":263,"column":2},"end":{"line":263,"column":22}},"115":{"start":{"line":268,"column":2},"end":{"line":268,"column":38}},"116":{"start":{"line":268,"column":25},"end":{"line":268,"column":38}},"117":{"start":{"line":269,"column":17},"end":{"line":269,"column":37}},"118":{"start":{"line":271,"column":2},"end":{"line":324,"column":3}},"119":{"start":{"line":272,"column":4},"end":{"line":272,"column":32}},"120":{"start":{"line":274,"column":27},"end":{"line":274,"column":47}},"121":{"start":{"line":275,"column":23},"end":{"line":279,"column":null}},"122":{"start":{"line":281,"column":4},"end":{"line":281,"column":76}},"123":{"start":{"line":281,"column":35},"end":{"line":281,"column":76}},"124":{"start":{"line":284,"column":21},"end":{"line":284,"column":35}},"125":{"start":{"line":285,"column":24},"end":{"line":293,"column":null}},"126":{"start":{"line":295,"column":4},"end":{"line":295,"column":78}},"127":{"start":{"line":295,"column":36},"end":{"line":295,"column":78}},"128":{"start":{"line":297,"column":21},"end":{"line":304,"column":null}},"129":{"start":{"line":306,"column":4},"end":{"line":306,"column":75}},"130":{"start":{"line":306,"column":33},"end":{"line":306,"column":75}},"131":{"start":{"line":308,"column":4},"end":{"line":308,"column":81}},"132":{"start":{"line":309,"column":4},"end":{"line":314,"column":5}},"133":{"start":{"line":309,"column":21},"end":{"line":309,"column":22}},"134":{"start":{"line":310,"column":6},"end":{"line":313,"column":8}},"135":{"start":{"line":316,"column":4},"end":{"line":316,"column":33}},"136":{"start":{"line":317,"column":4},"end":{"line":317,"column":16}},"137":{"start":{"line":319,"column":4},"end":{"line":319,"column":35}},"138":{"start":{"line":320,"column":4},"end":{"line":320,"column":48}},"139":{"start":{"line":321,"column":4},"end":{"line":321,"column":17}},"140":{"start":{"line":323,"column":4},"end":{"line":323,"column":21}},"141":{"start":{"line":329,"column":14},"end":{"line":330,"column":null}},"142":{"start":{"line":332,"column":2},"end":{"line":332,"column":30}},"143":{"start":{"line":337,"column":14},"end":{"line":338,"column":null}},"144":{"start":{"line":340,"column":2},"end":{"line":340,"column":30}}},"fnMap":{"0":{"name":"getUserSimpleV2","decl":{"start":{"line":22,"column":22},"end":{"line":22,"column":37}},"loc":{"start":{"line":22,"column":52},"end":{"line":38,"column":null}}},"1":{"name":"addItemV2","decl":{"start":{"line":45,"column":22},"end":{"line":45,"column":31}},"loc":{"start":{"line":45,"column":44},"end":{"line":51,"column":null}}},"2":{"name":"getItemV2","decl":{"start":{"line":54,"column":22},"end":{"line":54,"column":31}},"loc":{"start":{"line":54,"column":46},"end":{"line":70,"column":null}}},"3":{"name":"getItemBuyersV2","decl":{"start":{"line":73,"column":22},"end":{"line":73,"column":37}},"loc":{"start":{"line":73,"column":52},"end":{"line":95,"column":null}}},"4":{"name":"addOrderV2","decl":{"start":{"line":102,"column":22},"end":{"line":102,"column":32}},"loc":{"start":{"line":102,"column":47},"end":{"line":164,"column":null}}},"5":{"name":"getOrderV2","decl":{"start":{"line":167,"column":22},"end":{"line":167,"column":32}},"loc":{"start":{"line":167,"column":48},"end":{"line":249,"column":null}}},"6":{"name":"getOrdersByBuyerV2","decl":{"start":{"line":252,"column":22},"end":{"line":252,"column":40}},"loc":{"start":{"line":252,"column":56},"end":{"line":264,"column":null}}},"7":{"name":"updateOrderV2","decl":{"start":{"line":267,"column":22},"end":{"line":267,"column":35}},"loc":{"start":{"line":267,"column":50},"end":{"line":325,"column":null}}},"8":{"name":"confirmOrderV2","decl":{"start":{"line":328,"column":22},"end":{"line":328,"column":36}},"loc":{"start":{"line":328,"column":52},"end":{"line":333,"column":null}}},"9":{"name":"cancelOrderV2","decl":{"start":{"line":336,"column":22},"end":{"line":336,"column":35}},"loc":{"start":{"line":336,"column":51},"end":{"line":341,"column":null}}}},"branchMap":{"0":{"loc":{"start":{"line":24,"column":2},"end":{"line":24,"column":41}},"type":"if","locations":[{"start":{"line":24,"column":2},"end":{"line":24,"column":41}}]},"1":{"loc":{"start":{"line":36,"column":2},"end":{"line":36,"column":56}},"type":"if","locations":[{"start":{"line":36,"column":2},"end":{"line":36,"column":56}}]},"2":{"loc":{"start":{"line":50,"column":9},"end":{"line":50,"column":54}},"type":"cond-expr","locations":[{"start":{"line":50,"column":33},"end":{"line":50,"column":47}},{"start":{"line":50,"column":50},"end":{"line":50,"column":54}}]},"3":{"loc":{"start":{"line":56,"column":2},"end":{"line":56,"column":41}},"type":"if","locations":[{"start":{"line":56,"column":2},"end":{"line":56,"column":41}}]},"4":{"loc":{"start":{"line":60,"column":2},"end":{"line":60,"column":41}},"type":"if","locations":[{"start":{"line":60,"column":2},"end":{"line":60,"column":41}}]},"5":{"loc":{"start":{"line":80,"column":2},"end":{"line":80,"column":41}},"type":"if","locations":[{"start":{"line":80,"column":2},"end":{"line":80,"column":41}}]},"6":{"loc":{"start":{"line":85,"column":4},"end":{"line":85,"column":40}},"type":"if","locations":[{"start":{"line":85,"column":4},"end":{"line":85,"column":40}}]},"7":{"loc":{"start":{"line":127,"column":19},"end":{"line":127,"column":49}},"type":"cond-expr","locations":[{"start":{"line":127,"column":31},"end":{"line":127,"column":35}},{"start":{"line":127,"column":35},"end":{"line":127,"column":49}}]},"8":{"loc":{"start":{"line":127,"column":19},"end":{"line":127,"column":35}},"type":"binary-expr","locations":[{"start":{"line":127,"column":19},"end":{"line":127,"column":35}},{"start":{"line":127,"column":31},"end":{"line":127,"column":35}}]},"9":{"loc":{"start":{"line":128,"column":23},"end":{"line":128,"column":67}},"type":"cond-expr","locations":[{"start":{"line":128,"column":39},"end":{"line":128,"column":43}},{"start":{"line":128,"column":43},"end":{"line":128,"column":67}}]},"10":{"loc":{"start":{"line":128,"column":23},"end":{"line":128,"column":43}},"type":"binary-expr","locations":[{"start":{"line":128,"column":23},"end":{"line":128,"column":43}},{"start":{"line":128,"column":39},"end":{"line":128,"column":43}}]},"11":{"loc":{"start":{"line":143,"column":6},"end":{"line":147,"column":7}},"type":"if","locations":[{"start":{"line":143,"column":6},"end":{"line":147,"column":7}}]},"12":{"loc":{"start":{"line":145,"column":8},"end":{"line":145,"column":70}},"type":"if","locations":[{"start":{"line":145,"column":8},"end":{"line":145,"column":70}}]},"13":{"loc":{"start":{"line":151,"column":41},"end":{"line":151,"column":69}},"type":"cond-expr","locations":[{"start":{"line":151,"column":64},"end":{"line":151,"column":68}},{"start":{"line":151,"column":68},"end":{"line":151,"column":69}}]},"14":{"loc":{"start":{"line":151,"column":41},"end":{"line":151,"column":68}},"type":"binary-expr","locations":[{"start":{"line":151,"column":41},"end":{"line":151,"column":68}},{"start":{"line":151,"column":64},"end":{"line":151,"column":68}}]},"15":{"loc":{"start":{"line":169,"column":2},"end":{"line":169,"column":46}},"type":"if","locations":[{"start":{"line":169,"column":2},"end":{"line":169,"column":46}}]},"16":{"loc":{"start":{"line":181,"column":4},"end":{"line":181,"column":43}},"type":"if","locations":[{"start":{"line":181,"column":4},"end":{"line":181,"column":43}}]},"17":{"loc":{"start":{"line":196,"column":2},"end":{"line":196,"column":40}},"type":"if","locations":[{"start":{"line":196,"column":2},"end":{"line":196,"column":40}}]},"18":{"loc":{"start":{"line":201,"column":2},"end":{"line":201,"column":48}},"type":"if","locations":[{"start":{"line":201,"column":2},"end":{"line":201,"column":48}}]},"19":{"loc":{"start":{"line":213,"column":2},"end":{"line":213,"column":49}},"type":"if","locations":[{"start":{"line":213,"column":2},"end":{"line":213,"column":49}}]},"20":{"loc":{"start":{"line":245,"column":2},"end":{"line":245,"column":81}},"type":"if","locations":[{"start":{"line":245,"column":2},"end":{"line":245,"column":81}}]},"21":{"loc":{"start":{"line":246,"column":2},"end":{"line":246,"column":78}},"type":"if","locations":[{"start":{"line":246,"column":2},"end":{"line":246,"column":78}}]},"22":{"loc":{"start":{"line":247,"column":2},"end":{"line":247,"column":78}},"type":"if","locations":[{"start":{"line":247,"column":2},"end":{"line":247,"column":78}}]},"23":{"loc":{"start":{"line":255,"column":2},"end":{"line":255,"column":37}},"type":"if","locations":[{"start":{"line":255,"column":2},"end":{"line":255,"column":37}}]},"24":{"loc":{"start":{"line":260,"column":4},"end":{"line":260,"column":40}},"type":"if","locations":[{"start":{"line":260,"column":4},"end":{"line":260,"column":40}}]},"25":{"loc":{"start":{"line":268,"column":2},"end":{"line":268,"column":38}},"type":"if","locations":[{"start":{"line":268,"column":2},"end":{"line":268,"column":38}}]},"26":{"loc":{"start":{"line":281,"column":4},"end":{"line":281,"column":76}},"type":"if","locations":[{"start":{"line":281,"column":4},"end":{"line":281,"column":76}}]},"27":{"loc":{"start":{"line":295,"column":4},"end":{"line":295,"colu
[...]
mn":45}},{"start":{"line":144,"column":43},"end":{"line":144,"column":45}}]},"10":{"loc":{"start":{"line":156,"column":4},"end":{"line":160,"column":5}},"type":"if","locations":[{"start":{"line":156,"column":4},"end":{"line":160,"column":5}},{"start":{"line":158,"column":11},"end":{"line":160,"column":5}}]},"11":{"loc":{"start":{"line":171,"column":4},"end":{"line":175,"column":5}},"type":"if","locations":[{"start":{"line":171,"column":4},"end":{"line":175,"column":5}},{"start":{"line":173,"column":11},"end":{"line":175,"column":5}}]},"12":{"loc":{"start":{"line":185,"column":4},"end":{"line":189,"column":5}},"type":"if","locations":[{"start":{"line":185,"column":4},"end":{"line":189,"column":5}},{"start":{"line":187,"column":11},"end":{"line":189,"column":5}}]},"13":{"loc":{"start":{"line":211,"column":4},"end":{"line":216,"column":5}},"type":"if","locations":[{"start":{"line":211,"column":4},"end":{"line":216,"column":5}},{"start":{"line":214,"column":11},"end":{"line":216,"column":5}}]},"14":{"loc":{"start":{"line":211,"column":8},"end":{"line":212,"column":40}},"type":"binary-expr","locations":[{"start":{"line":211,"column":8},"end":{"line":211,"column":82}},{"start":{"line":212,"column":6},"end":{"line":212,"column":40}}]},"15":{"loc":{"start":{"line":230,"column":4},"end":{"line":236,"column":5}},"type":"if","locations":[{"start":{"line":230,"column":4},"end":{"line":236,"column":5}},{"start":{"line":232,"column":11},"end":{"line":236,"column":5}}]},"16":{"loc":{"start":{"line":230,"column":8},"end":{"line":230,"column":73}},"type":"binary-expr","locations":[{"start":{"line":230,"column":8},"end":{"line":230,"column":39}},{"start":{"line":230,"column":43},"end":{"line":230,"column":73}}]},"17":{"loc":{"start":{"line":232,"column":11},"end":{"line":236,"column":5}},"type":"if","locations":[{"start":{"line":232,"column":11},"end":{"line":236,"column":5}},{"start":{"line":234,"column":11},"end":{"line":236,"column":5}}]},"18":{"loc":{"start":{"line":250,"column":6},"end":{"line":256,"column":7}},"type":"if","locations":[{"start":{"line":250,"column":6},"end":{"line":256,"column":7}},{"start":{"line":252,"column":13},"end":{"line":256,"column":7}}]},"19":{"loc":{"start":{"line":250,"column":10},"end":{"line":250,"column":75}},"type":"binary-expr","locations":[{"start":{"line":250,"column":10},"end":{"line":250,"column":41}},{"start":{"line":250,"column":45},"end":{"line":250,"column":75}}]},"20":{"loc":{"start":{"line":252,"column":13},"end":{"line":256,"column":7}},"type":"if","locations":[{"start":{"line":252,"column":13},"end":{"line":256,"column":7}},{"start":{"line":254,"column":13},"end":{"line":256,"column":7}}]},"21":{"loc":{"start":{"line":273,"column":4},"end":{"line":277,"column":5}},"type":"if","locations":[{"start":{"line":273,"column":4},"end":{"line":277,"column":5}},{"start":{"line":275,"column":11},"end":{"line":277,"column":5}}]},"22":{"loc":{"start":{"line":273,"column":8},"end":{"line":273,"column":80}},"type":"binary-expr","locations":[{"start":{"line":273,"column":8},"end":{"line":273,"column":40}},{"start":{"line":273,"column":44},"end":{"line":273,"column":80}}]},"23":{"loc":{"start":{"line":290,"column":4},"end":{"line":294,"column":5}},"type":"if","locations":[{"start":{"line":290,"column":4},"end":{"line":294,"column":5}},{"start":{"line":292,"column":11},"end":{"line":294,"column":5}}]},"24":{"loc":{"start":{"line":290,"column":8},"end":{"line":290,"column":76}},"type":"binary-expr","locations":[{"start":{"line":290,"column":8},"end":{"line":290,"column":38}},{"start":{"line":290,"column":42},"end":{"line":290,"column":76}}]},"25":{"loc":{"start":{"line":306,"column":4},"end":{"line":308,"column":5}},"type":"if","locations":[{"start":{"line":306,"column":4},"end":{"line":308,"column":5}}]},"26":{"loc":{"start":{"line":306,"column":8},"end":{"line":306,"column":76}},"type":"binary-expr","locations":[{"start":{"line":306,"column":8},"end":{"line":306,"column":38}},{"start":{"line":306,"column":42},"end":{"line":306,"column":76}}]},"27":{"loc":{"start":{"line":315,"column":2},"end":{"line":319,"column":3}},"type":"if","locations":[{"start":{"line":315,"column":2},"end":{"line":319,"column":3}}]},"28":{"loc":{"start":{"line":325,"column":4},"end":{"line":330,"column":5}},"type":"if","locations":[{"start":{"line":325,"column":4},"end":{"line":330,"column":5}},{"start":{"line":328,"column":11},"end":{"line":330,"column":5}}]},"29":{"loc":{"start":{"line":325,"column":8},"end":{"line":326,"column":40}},"type":"binary-expr","locations":[{"start":{"line":325,"column":8},"end":{"line":325,"column":82}},{"start":{"line":326,"column":6},"end":{"line":326,"column":40}}]},"30":{"loc":{"start":{"line":347,"column":2},"end":{"line":347,"column":91}},"type":"cond-expr","locations":[{"start":{"line":347,"column":23},"end":{"line":347,"column":82}},{"start":{"line":347,"column":85},"end":{"line":347,"column":91}}]}},"s":{"0":10,"1":10,"2":10,"3":10,"4":10,"5":10,"6":10,"7":10,"8":10,"9":10,"10":10,"11":10,"12":10,"13":10,"14":10,"15":10,"16":10,"17":10,"18":10,"19":10,"20":10,"21":10,"22":10,"23":10,"24":10,"25":10,"26":0,"27":10,"28":10,"29":10,"30":10,"31":10,"32":0,"33":10,"34":10,"35":0,"36":10,"37":0,"38":0,"39":0,"40":0,"41":0,"42":0,"43":0,"44":0,"45":0,"46":0,"47":0,"48":0,"49":0,"50":0,"51":10,"52":0,"53":0,"54":10,"55":0,"56":0,"57":0,"58":0,"59":10,"60":0,"61":0,"62":0,"63":0,"64":0,"65":0,"66":0,"67":0,"68":0,"69":10,"70":0,"71":0,"72":0,"73":0,"74":0,"75":0,"76":0,"77":0,"78":0,"79":10,"80":0,"81":0,"82":0,"83":0,"84":0,"85":0,"86":0,"87":0,"88":10,"89":0,"90":10,"91":0,"92":0,"93":0,"94":0,"95":0,"96":0,"97":0,"98":0,"99":0,"100":10,"101":0,"102":0,"103":0,"104":0,"105":0,"106":0,"107":0,"108":0,"109":0,"110":0,"111":0,"112":0,"113":0,"114":10,"115":0,"116":0,"117":0,"118":0,"119":0,"120":0,"121":0,"122":0,"123":0,"124":0,"125":0,"126":0,"127":10,"128":0,"129":0,"130":0,"131":0,"132":0,"133":0,"134":0,"135":0,"136":0,"137":0,"138":0,"139":0,"140":10,"141":0,"142":0,"143":0,"144":0,"145":0,"146":0,"147":0,"148":0,"149":0,"150":0,"151":10,"152":0,"153":0,"154":0,"155":0,"156":0,"157":0,"158":0,"159":0,"160":10,"161":0,"162":0,"163":0,"164":0,"165":0,"166":0,"167":0,"168":0,"169":0,"170":0,"171":0,"172":0,"173":0,"174":10,"175":0,"176":0,"177":0,"178":0,"179":0,"180":0,"181":0,"182":10,"183":0,"184":10,"185":0,"186":10,"187":0,"188":0,"189":0},"f":{"0":0,"1":10,"2":0,"3":0,"4":0,"5":0,"6":0,"7":0,"8":0,"9":0,"10":0,"11":0,"12":0,"13":0,"14":0,"15":0,"16":0,"17":0,"18":0,"19":0,"20":0,"21":0,"22":0,"23":0,"24":0,"25":0,"26":0,"27":0,"28":0,"29":0,"30":0,"31":0,"32":0,"33":0,"34":0},"b":{"0":[10,1],"1":[10,1],"2":[10,1],"3":[10],"4":[0,0],"5":[0,0],"6":[0],"7":[0],"8":[0,0],"9":[0,0],"10":[0,0],"11":[0,0],"12":[0,0],"13":[0,0],"14":[0,0],"15":[0,0],"16":[0,0],"17":[0,0],"18":[0,0],"19":[0,0],"20":[0,0],"21":[0,0],"22":[0,0],"23":[0,0],"24":[0,0],"25":[0],"26":[0,0],"27":[0],"28":[0,0],"29":[0,0],"30":[0,0]}}
,"/Users/lachlanvan/Desktop/H13-redstone-goats/src/types.ts": {"path":"/Users/lachlanvan/Desktop/H13-redstone-goats/src/types.ts","statementMap":{"0":{"start":{"line":91,"column":0},"end":{"line":91,"column":null}},"1":{"start":{"line":92,"column":2},"end":{"line":92,"column":null}},"2":{"start":{"line":93,"column":2},"end":{"line":93,"column":null}},"3":{"start":{"line":94,"column":2},"end":{"line":94,"column":null}},"4":{"start":{"line":133,"column":0},"end":{"line":133,"column":null}},"5":{"start":{"line":134,"column":2},"end":{"line":134,"column":null}},"6":{"start":{"line":135,"column":2},"end":{"line":135,"column":null}},"7":{"start":{"line":136,"column":2},"end":{"line":136,"column":null}},"8":{"start":{"line":152,"column":4},"end":{"line":152,"column":19}},"9":{"start":{"line":153,"column":4},"end":{"line":153,"column":21}},"10":{"start":{"line":154,"column":4},"end":{"line":154,"column":34}},"11":{"start":{"line":148,"column":0},"end":{"line":148,"column":13}}},"fnMap":{"0":{"name":"(anonymous_0)","decl":{"start":{"line":91,"column":0},"end":{"line":91,"column":12}},"loc":{"start":{"line":91,"column":18},"end":{"line":95,"column":1}}},"1":{"name":"(anonymous_1)","decl":{"start":{"line":133,"column":0},"end":{"line":133,"column":12}},"loc":{"start":{"line":133,"column":19},"end":{"line":137,"column":1}}},"2":{"name":"(anonymous_2)","decl":{"start":{"line":151,"column":0},"end":{"line":151,"column":12}},"loc":{"start":{"line":151,"column":42},"end":{"line":155,"column":3}}}},"branchMap":{"0":{"loc":{"start":{"line":91,"column":12},"end":{"line":91,"column":null}},"type":"binary-expr","locations":[{"start":{"line":91,"column":12},"end":{"line":91,"column":18}},{"start":{"line":91,"column":18},"end":{"line":91,"column":null}}]},"1":{"loc":{"start":{"line":133,"column":12},"end":{"line":133,"column":null}},"type":"binary-expr","locations":[{"start":{"line":133,"column":12},"end":{"line":133,"column":19}},{"start":{"line":133,"column":19},"end":{"line":133,"column":null}}]}},"s":{"0":13,"1":13,"2":13,"3":13,"4":13,"5":13,"6":13,"7":13,"8":26,"9":26,"10":26,"11":13},"f":{"0":13,"1":13,"2":26},"b":{"0":[13,13],"1":[13,13]}}
,"/Users/lachlanvan/Desktop/H13-redstone-goats/src/user.ts": {"path":"/Users/lachlanvan/Desktop/H13-redstone-goats/src/user.ts","statementMap":{"0":{"start":{"line":17,"column":0},"end":{"line":17,"column":22}},"1":{"start":{"line":61,"column":0},"end":{"line":61,"column":22}},"2":{"start":{"line":98,"column":0},"end":{"line":98,"column":22}},"3":{"start":{"line":117,"column":0},"end":{"line":117,"column":22}},"4":{"start":{"line":1,"column":0},"end":{"line":1,"column":82}},"5":{"start":{"line":2,"column":0},"end":{"line":2,"column":91}},"6":{"start":{"line":3,"column":0},"end":{"line":3,"column":34}},"7":{"start":{"line":4,"column":0},"end":{"line":4,"column":39}},"8":{"start":{"line":23,"column":2},"end":{"line":25,"column":3}},"9":{"start":{"line":24,"column":4},"end":{"line":24,"column":56}},"10":{"start":{"line":27,"column":24},"end":{"line":27,"column":45}},"11":{"start":{"line":28,"column":2},"end":{"line":32,"column":3}},"12":{"start":{"line":29,"column":6},"end":{"line":31,"column":7}},"13":{"start":{"line":30,"column":10},"end":{"line":30,"column":97}},"14":{"start":{"line":34,"column":2},"end":{"line":34,"column":37}},"15":{"start":{"line":35,"column":2},"end":{"line":35,"column":36}},"16":{"start":{"line":36,"column":2},"end":{"line":36,"column":34}},"17":{"start":{"line":38,"column":17},"end":{"line":38,"column":34}},"18":{"start":{"line":39,"column":26},"end":{"line":46,"column":4}},"19":{"start":{"line":48,"column":17},"end":{"line":48,"column":41}},"20":{"start":{"line":49,"column":2},"end":{"line":49,"column":28}},"21":{"start":{"line":65,"column":17},"end":{"line":65,"column":34}},"22":{"start":{"line":68,"column":19},"end":{"line":68,"column":40}},"23":{"start":{"line":69,"column":15},"end":{"line":69,"column":54}},"24":{"start":{"line":69,"column":36},"end":{"line":69,"column":53}},"25":{"start":{"line":71,"column":2},"end":{"line":73,"column":3}},"26":{"start":{"line":72,"column":4},"end":{"line":72,"column":68}},"27":{"start":{"line":76,"column":20},"end":{"line":76,"column":78}},"28":{"start":{"line":77,"column":2},"end":{"line":81,"column":3}},"29":{"start":{"line":78,"column":4},"end":{"line":78,"column":47}},"30":{"start":{"line":79,"column":4},"end":{"line":79,"column":29}},"31":{"start":{"line":80,"column":4},"end":{"line":80,"column":82}},"32":{"start":{"line":84,"column":2},"end":{"line":84,"column":44}},"33":{"start":{"line":85,"column":2},"end":{"line":85,"column":32}},"34":{"start":{"line":86,"column":2},"end":{"line":86,"column":27}},"35":{"start":{"line":88,"column":2},"end":{"line":88,"column":39}},"36":{"start":{"line":100,"column":2},"end":{"line":100,"column":68}},"37":{"start":{"line":102,"column":2},"end":{"line":102,"column":null}},"38":{"start":{"line":119,"column":21},"end":{"line":119,"column":44}},"39":{"start":{"line":121,"column":1},"end":{"line":123,"column":2}},"40":{"start":{"line":122,"column":2},"end":{"line":122,"column":52}},"41":{"start":{"line":125,"column":1},"end":{"line":133,"column":3}},"42":{"start":{"line":179,"column":22},"end":{"line":179,"column":36}},"43":{"start":{"line":180,"column":2},"end":{"line":185,"column":3}},"44":{"start":{"line":181,"column":4},"end":{"line":184,"column":6}},"45":{"start":{"line":186,"column":2},"end":{"line":191,"column":3}},"46":{"start":{"line":187,"column":4},"end":{"line":190,"column":6}},"47":{"start":{"line":193,"column":2},"end":{"line":193,"column":14}},"48":{"start":{"line":203,"column":2},"end":{"line":205,"column":3}},"49":{"start":{"line":204,"column":4},"end":{"line":204,"column":85}},"50":{"start":{"line":206,"column":2},"end":{"line":208,"column":3}},"51":{"start":{"line":207,"column":4},"end":{"line":207,"column":85}},"52":{"start":{"line":209,"column":2},"end":{"line":211,"column":3}},"53":{"start":{"line":210,"column":4},"end":{"line":210,"column":90}},"54":{"start":{"line":212,"column":2},"end":{"line":212,"column":14}}},"fnMap":{"0":{"name":"userRegister","decl":{"start":{"line":17,"column":22},"end":{"line":17,"column":34}},"loc":{"start":{"line":21,"column":20},"end":{"line":50,"column":null}}},"1":{"name":"userLogin","decl":{"start":{"line":61,"column":22},"end":{"line":61,"column":31}},"loc":{"start":{"line":63,"column":18},"end":{"line":89,"column":null}}},"2":{"name":"(anonymous_12)","decl":{"start":{"line":69,"column":29},"end":{"line":69,"column":30}},"loc":{"start":{"line":69,"column":36},"end":{"line":69,"column":53}}},"3":{"name":"userLogout","decl":{"start":{"line":98,"column":22},"end":{"line":98,"column":32}},"loc":{"start":{"line":98,"column":61},"end":{"line":103,"column":null}}},"4":{"name":"userDetails","decl":{"start":{"line":117,"column":22},"end":{"line":117,"column":33}},"loc":{"start":{"line":117,"column":48},"end":{"line":134,"column":null}}},"5":{"name":"validateName","decl":{"start":{"line":178,"column":9},"end":{"line":178,"column":21}},"loc":{"start":{"line":178,"column":51},"end":{"line":194,"column":1}}},"6":{"name":"validatePassword","decl":{"start":{"line":202,"column":9},"end":{"line":202,"column":25}},"loc":{"start":{"line":202,"column":59},"end":{"line":213,"column":1}}}},"branchMap":{"0":{"loc":{"start":{"line":23,"column":2},"end":{"line":25,"column":3}},"type":"if","locations":[{"start":{"line":23,"column":2},"end":{"line":25,"column":3}}]},"1":{"loc":{"start":{"line":29,"column":6},"end":{"line":31,"column":7}},"type":"if","locations":[{"start":{"line":29,"column":6},"end":{"line":31,"column":7}}]},"2":{"loc":{"start":{"line":71,"column":2},"end":{"line":73,"column":3}},"type":"if","locations":[{"start":{"line":71,"column":2},"end":{"line":73,"column":3}}]},"3":{"loc":{"start":{"line":77,"column":2},"end":{"line":81,"column":3}},"type":"if","locations":[{"start":{"line":77,"column":2},"end":{"line":81,"column":3}}]},"4":{"loc":{"start":{"line":121,"column":1},"end":{"line":123,"column":2}},"type":"if","locations":[{"start":{"line":121,"column":1},"end":{"line":123,"column":2}}]},"5":{"loc":{"start":{"line":180,"column":2},"end":{"line":185,"column":3}},"type":"if","locations":[{"start":{"line":180,"column":2},"end":{"line":185,"column":3}}]},"6":{"loc":{"start":{"line":186,"column":2},"end":{"line":191,"column":3}},"type":"if","locations":[{"start":{"line":186,"column":2},"end":{"line":191,"column":3}}]},"7":{"loc":{"start":{"line":186,"column":6},"end":{"line":186,"column":41}},"type":"binary-expr","locations":[{"start":{"line":186,"column":6},"end":{"line":186,"column":21}},{"start":{"line":186,"column":25},"end":{"line":186,"column":41}}]},"8":{"loc":{"start":{"line":203,"column":2},"end":{"line":205,"column":3}},"type":"if","locations":[{"start":{"line":203,"column":2},"end":{"line":205,"column":3}}]},"9":{"loc":{"start":{"line":206,"column":2},"end":{"line":208,"column":3}},"type":"if","locations":[{"start":{"line":206,"column":2},"end":{"line":208,"column":3}}]},"10":{"loc":{"start":{"line":209,"column":2},"end":{"line":211,"column":3}},"type":"if","locations":[{"start":{"line":209,"column":2},"end":{"line":211,"column":3}}]}},"s":{"0":10,"1":10,"2":10,"3":10,"4":10,"5":10,"6":10,"7":10,"8":10,"9":1,"10":9,"11":9,"12":1,"13":1,"14":8,"15":4,"16":2,"17":1,"18":1,"19":1,"20":1,"21":6,"22":6,"23":6,"24":5,"25":6,"26":1,"27":5,"28":5,"29":2,"30":2,"31":2,"32":3,"33":3,"34":3,"35":3,"36":3,"37":3,"38":2,"39":2,"40":1,"41":1,"42":6,"43":6,"44":1,"45":5,"46":2,"47":3,"48":8,"49":2,"50":6,"51":1,"52":5,"53":1,"54":4},"f":{"0":10,"1":6,"2":5,"3":3,"4":2,"5":6,"6":8},"b":{"0":[1],"1":[1],"2":[1],"3":[2],"4":[1],"5":[1],"6":[2],"7":[5,3],"8":[2],"9":[1],"10":[1]}}
,"/Users/lachlanvan/Desktop/H13-redstone-goats/src/tests/testHelper.ts": {"path":"/Users/lachlanvan/Desktop/H13-redstone-goats/src/tests/testHelper.ts","statementMap":{"0":{"start":{"line":9,"column":0},"end":{"line":9,"column":16}},"1":{"start":{"line":27,"column":0},"end":{"line":27,"column":16}},"2":{"start":{"line":43,"column":0},"end":{"line":43,"column":16}},"3":{"start":{"line":52,"column":0},"end":{"line":52,"column":16}},"4":{"start":{"line":60,"column":0},"end":{"line":60,"column":16}},"5":{"start":{"line":68,"column":0},"end":{"line":68,"column":16}},"6":{"start":{"line":86,"column":0},"end":{"line":86,"column":22}},"7":{"start":{"line":99,"column":0},"end":{"line":99,"column":22}},"8":{"start":{"line":1,"column":0},"end":{"line":1,"column":40}},"9":{"start":{"line":2,"column":0},"end":{"line":2,"column":36}},"10":{"start":{"line":6,"column":13},"end":{"line":6,"column":24}},"11":{"start":{"line":7,"column":12},"end":{"line":7,"column":22}},"12":{"start":{"line":14,"column":14},"end":{"line":16,"column":null}},"13":{"start":{"line":18,"column":2},"end":{"line":18,"column":59}},"14":{"start":{"line":33,"column":2},"end":{"line":40,"column":5}},"15":{"start":{"line":44,"column":2},"end":{"line":49,"column":5}},"16":{"start":{"line":53,"column":2},"end":{"line":57,"column":5}},"17":{"start":{"line":61,"column":2},"end":{"line":65,"column":5}},"18":{"start":{"line":74,"column":2},"end":{"line":83,"column":5}},"19":{"start":{"line":89,"column":14},"end":{"line":92,"column":4}},"20":{"start":{"line":93,"column":2},"end":{"line":96,"column":4}},"21":{"start":{"line":102,"column":14},"end":{"line":105,"column":4}},"22":{"start":{"line":106,"column":2},"end":{"line":109,"column":4}}},"fnMap":{"0":{"name":"reqHelper","decl":{"start":{"line":9,"column":16},"end":{"line":9,"column":25}},"loc":{"start":{"line":12,"column":19},"end":{"line":19,"column":1}}},"1":{"name":"userRegister","decl":{"start":{"line":27,"column":16},"end":{"line":27,"column":28}},"loc":{"start":{"line":31,"column":12},"end":{"line":41,"column":1}}},"2":{"name":"userLogin","decl":{"start":{"line":43,"column":16},"end":{"line":43,"column":25}},"loc":{"start":{"line":43,"column":76},"end":{"line":50,"column":1}}},"3":{"name":"userLogout","decl":{"start":{"line":52,"column":16},"end":{"line":52,"column":26}},"loc":{"start":{"line":52,"column":57},"end":{"line":58,"column":1}}},"4":{"name":"userDetails","decl":{"start":{"line":60,"column":16},"end":{"line":60,"column":27}},"loc":{"start":{"line":60,"column":66},"end":{"line":66,"column":1}}},"5":{"name":"userDetailsUpdate","decl":{"start":{"line":68,"column":16},"end":{"line":68,"column":33}},"loc":{"start":{"line":72,"column":12},"end":{"line":84,"column":1}}},"6":{"name":"requestOrderCreate","decl":{"start":{"line":86,"column":22},"end":{"line":86,"column":40}},"loc":{"start":{"line":87,"column":15},"end":{"line":97,"column":null}}},"7":{"name":"requestOrderUserSales","decl":{"start":{"line":99,"column":22},"end":{"line":99,"column":43}},"loc":{"start":{"line":100,"column":59},"end":{"line":110,"column":null}}}},"branchMap":{},"s":{"0":1,"1":1,"2":1,"3":1,"4":1,"5":1,"6":1,"7":1,"8":1,"9":1,"10":1,"11":1,"12":0,"13":0,"14":0,"15":0,"16":0,"17":0,"18":0,"19":0,"20":0,"21":0,"22":0},"f":{"0":0,"1":0,"2":0,"3":0,"4":0,"5":0,"6":0,"7":0},"b":{}}
}
