{"/Users/luca/Documents/SENG2021-project/H13-redstone-goats/src/types.ts": {"path":"/Users/luca/Documents/SENG2021-project/H13-redstone-goats/src/types.ts","statementMap":{"0":{"start":{"line":65,"column":0},"end":{"line":65,"column":null}},"1":{"start":{"line":66,"column":2},"end":{"line":66,"column":null}},"2":{"start":{"line":67,"column":2},"end":{"line":67,"column":null}},"3":{"start":{"line":68,"column":2},"end":{"line":68,"column":null}},"4":{"start":{"line":86,"column":0},"end":{"line":86,"column":null}},"5":{"start":{"line":87,"column":2},"end":{"line":87,"column":null}},"6":{"start":{"line":88,"column":2},"end":{"line":88,"column":null}},"7":{"start":{"line":89,"column":2},"end":{"line":89,"column":null}},"8":{"start":{"line":105,"column":4},"end":{"line":105,"column":19}},"9":{"start":{"line":106,"column":4},"end":{"line":106,"column":21}},"10":{"start":{"line":107,"column":4},"end":{"line":107,"column":34}},"11":{"start":{"line":101,"column":0},"end":{"line":101,"column":13}}},"fnMap":{"0":{"name":"(anonymous_0)","decl":{"start":{"line":65,"column":0},"end":{"line":65,"column":12}},"loc":{"start":{"line":65,"column":18},"end":{"line":69,"column":1}}},"1":{"name":"(anonymous_1)","decl":{"start":{"line":86,"column":0},"end":{"line":86,"column":12}},"loc":{"start":{"line":86,"column":19},"end":{"line":90,"column":1}}},"2":{"name":"(anonymous_2)","decl":{"start":{"line":104,"column":0},"end":{"line":104,"column":12}},"loc":{"start":{"line":104,"column":42},"end":{"line":108,"column":3}}}},"branchMap":{"0":{"loc":{"start":{"line":65,"column":12},"end":{"line":65,"column":null}},"type":"binary-expr","locations":[{"start":{"line":65,"column":12},"end":{"line":65,"column":18}},{"start":{"line":65,"column":18},"end":{"line":65,"column":null}}]},"1":{"loc":{"start":{"line":86,"column":12},"end":{"line":86,"column":null}},"type":"binary-expr","locations":[{"start":{"line":86,"column":12},"end":{"line":86,"column":19}},{"start":{"line":86,"column":19},"end":{"line":86,"column":null}}]}},"s":{"0":2,"1":2,"2":2,"3":2,"4":2,"5":2,"6":2,"7":2,"8":0,"9":0,"10":0,"11":2},"f":{"0":2,"1":2,"2":0},"b":{"0":[2,2],"1":[2,2]}}
,"/Users/luca/Documents/SENG2021-project/H13-redstone-goats/src/tests/testHelper.ts": {"path":"/Users/luca/Documents/SENG2021-project/H13-redstone-goats/src/tests/testHelper.ts","statementMap":{"0":{"start":{"line":13,"column":0},"end":{"line":13,"column":16}},"1":{"start":{"line":31,"column":0},"end":{"line":31,"column":16}},"2":{"start":{"line":47,"column":0},"end":{"line":47,"column":16}},"3":{"start":{"line":56,"column":0},"end":{"line":56,"column":16}},"4":{"start":{"line":64,"column":0},"end":{"line":64,"column":16}},"5":{"start":{"line":72,"column":0},"end":{"line":72,"column":16}},"6":{"start":{"line":90,"column":0},"end":{"line":90,"column":22}},"7":{"start":{"line":103,"column":0},"end":{"line":103,"column":22}},"8":{"start":{"line":1,"column":0},"end":{"line":1,"column":40}},"9":{"start":{"line":2,"column":0},"end":{"line":2,"column":36}},"10":{"start":{"line":10,"column":13},"end":{"line":10,"column":24}},"11":{"start":{"line":11,"column":12},"end":{"line":11,"column":22}},"12":{"start":{"line":18,"column":14},"end":{"line":20,"column":null}},"13":{"start":{"line":22,"column":2},"end":{"line":22,"column":59}},"14":{"start":{"line":37,"column":2},"end":{"line":44,"column":5}},"15":{"start":{"line":48,"column":2},"end":{"line":53,"column":5}},"16":{"start":{"line":57,"column":2},"end":{"line":61,"column":5}},"17":{"start":{"line":65,"column":2},"end":{"line":69,"column":5}},"18":{"start":{"line":78,"column":2},"end":{"line":87,"column":5}},"19":{"start":{"line":93,"column":14},"end":{"line":96,"column":4}},"20":{"start":{"line":97,"column":2},"end":{"line":100,"column":4}},"21":{"start":{"line":106,"column":14},"end":{"line":109,"column":4}},"22":{"start":{"line":110,"column":2},"end":{"line":113,"column":4}}},"fnMap":{"0":{"name":"reqHelper","decl":{"start":{"line":13,"column":16},"end":{"line":13,"column":25}},"loc":{"start":{"line":16,"column":19},"end":{"line":23,"column":1}}},"1":{"name":"userRegister","decl":{"start":{"line":31,"column":16},"end":{"line":31,"column":28}},"loc":{"start":{"line":35,"column":12},"end":{"line":45,"column":1}}},"2":{"name":"userLogin","decl":{"start":{"line":47,"column":16},"end":{"line":47,"column":25}},"loc":{"start":{"line":47,"column":76},"end":{"line":54,"column":1}}},"3":{"name":"userLogout","decl":{"start":{"line":56,"column":16},"end":{"line":56,"column":26}},"loc":{"start":{"line":56,"column":57},"end":{"line":62,"column":1}}},"4":{"name":"userDetails","decl":{"start":{"line":64,"column":16},"end":{"line":64,"column":27}},"loc":{"start":{"line":64,"column":64},"end":{"line":70,"column":1}}},"5":{"name":"userDetailsUpdate","decl":{"start":{"line":72,"column":16},"end":{"line":72,"column":33}},"loc":{"start":{"line":76,"column":12},"end":{"line":88,"column":1}}},"6":{"name":"requestOrderCreate","decl":{"start":{"line":90,"column":22},"end":{"line":90,"column":40}},"loc":{"start":{"line":91,"column":13},"end":{"line":101,"column":null}}},"7":{"name":"requestOrderUserSales","decl":{"start":{"line":103,"column":22},"end":{"line":103,"column":43}},"loc":{"start":{"line":104,"column":59},"end":{"line":114,"column":null}}}},"branchMap":{},"s":{"0":5,"1":5,"2":5,"3":5,"4":5,"5":5,"6":5,"7":5,"8":5,"9":5,"10":5,"11":5,"12":0,"13":0,"14":0,"15":0,"16":0,"17":0,"18":0,"19":0,"20":0,"21":0,"22":0},"f":{"0":0,"1":0,"2":0,"3":0,"4":0,"5":0,"6":0,"7":0},"b":{}}
}
