TN:
SF:src/app.ts
FN:19,orderCreate
FN:85,(anonymous_10)
FN:85,(anonymous_11)
FN:119,(anonymous_12)
FN:119,(anonymous_13)
FN:160,orderUserSales
FNF:6
FNH:6
FNDA:14,orderCreate
FNDA:4,(anonymous_10)
FNDA:4,(anonymous_11)
FNDA:4,(anonymous_12)
FNDA:4,(anonymous_13)
FNDA:6,orderUserSales
DA:1,8
DA:2,8
DA:3,8
DA:7,8
DA:8,8
DA:9,8
DA:10,8
DA:20,14
DA:21,1
DA:23,13
DA:24,13
DA:25,2
DA:30,11
DA:33,1
DA:37,10
DA:38,10
DA:40,2
DA:44,8
DA:45,0
DA:49,8
DA:50,8
DA:51,1
DA:56,7
DA:58,2
DA:59,1
DA:63,1
DA:64,1
DA:65,1
DA:66,1
DA:69,1
DA:70,1
DA:71,1
DA:73,1
DA:85,8
DA:87,4
DA:88,4
DA:89,2
DA:91,2
DA:92,2
DA:93,0
DA:97,2
DA:98,1
DA:100,1
DA:103,1
DA:104,1
DA:105,0
DA:108,1
DA:119,8
DA:121,4
DA:122,4
DA:123,1
DA:125,3
DA:126,3
DA:127,1
DA:131,2
DA:132,1
DA:135,1
DA:136,0
DA:138,1
DA:141,1
DA:142,1
DA:143,0
DA:147,1
DA:148,1
DA:161,6
DA:162,1
DA:164,5
DA:165,1
DA:167,4
DA:169,4
DA:170,1
DA:174,3
DA:176,3
DA:178,3
DA:179,2
DA:180,2
DA:184,3
DA:185,3
DA:186,0
DA:190,3
DA:191,3
DA:192,0
DA:195,3
DA:196,3
DA:199,3
DA:201,2
DA:206,2
DA:209,2
DA:211,2
DA:214,3
DA:216,2
DA:219,2
DA:221,2
DA:222,2
DA:225,2
DA:226,2
DA:229,2
DA:230,2
DA:231,2
DA:232,2
DA:233,2
DA:234,2
DA:235,2
DA:237,2
DA:239,2
DA:242,3
DA:245,8
LF:107
LH:100
BRDA:20,0,0,1
BRDA:24,1,0,2
BRDA:30,2,0,1
BRDA:30,3,0,11
BRDA:30,3,1,11
BRDA:30,3,2,10
BRDA:38,4,0,2
BRDA:38,5,0,10
BRDA:38,5,1,9
BRDA:38,5,2,9
BRDA:44,6,0,0
BRDA:50,7,0,1
BRDA:58,8,0,1
BRDA:69,9,0,1
BRDA:88,10,0,2
BRDA:92,11,0,0
BRDA:97,12,0,1
BRDA:104,13,0,0
BRDA:122,14,0,1
BRDA:126,15,0,1
BRDA:131,16,0,1
BRDA:135,17,0,0
BRDA:142,18,0,0
BRDA:161,19,0,1
BRDA:161,20,0,6
BRDA:161,20,1,2
BRDA:161,20,2,1
BRDA:164,21,0,1
BRDA:169,22,0,1
BRDA:185,23,0,0
BRDA:191,24,0,0
BRDA:195,25,0,3
BRDA:199,26,0,2
BRDA:214,27,0,2
BRF:34
BRH:27
end_of_record
TN:
SF:src/dataStore.ts
FN:27,addUser
FN:43,getUser
FN:66,getUserSimple
FN:83,getAllUsers
FN:109,updateUser
FN:124,deleteUser
FN:134,addToken
FN:142,validToken
FN:148,deleteToken
FN:160,addItem
FN:169,getItem
FN:188,getItemsBySeller
FN:203,getItemSellerSales
FN:228,deleteItem
FN:238,addOrder
FN:299,getOrder
FN:378,getOrdersByBuyer
FN:393,updateOrder
FN:450,deleteOrder
FN:483,addOrderXML
FN:494,getOrderXML
FN:500,getLatestOrderXML
FN:508,getAllOrderXMLs
FN:514,(anonymous_54)
FN:518,deleteOrderXMLs
FN:528,clearUsers
FN:534,clearTokens
FN:540,clearItems
FN:546,clearOrders
FN:568,clearAll
FNF:30
FNH:0
FNDA:0,addUser
FNDA:0,getUser
FNDA:0,getUserSimple
FNDA:0,getAllUsers
FNDA:0,updateUser
FNDA:0,deleteUser
FNDA:0,addToken
FNDA:0,validToken
FNDA:0,deleteToken
FNDA:0,addItem
FNDA:0,getItem
FNDA:0,getItemsBySeller
FNDA:0,getItemSellerSales
FNDA:0,deleteItem
FNDA:0,addOrder
FNDA:0,getOrder
FNDA:0,getOrdersByBuyer
FNDA:0,updateOrder
FNDA:0,deleteOrder
FNDA:0,addOrderXML
FNDA:0,getOrderXML
FNDA:0,getLatestOrderXML
FNDA:0,getAllOrderXMLs
FNDA:0,(anonymous_54)
FNDA:0,deleteOrderXMLs
FNDA:0,clearUsers
FNDA:0,clearTokens
FNDA:0,clearItems
FNDA:0,clearOrders
FNDA:0,clearAll
DA:1,1
DA:2,1
DA:27,1
DA:28,0
DA:29,0
DA:30,0
DA:39,0
DA:43,1
DA:45,0
DA:46,0
DA:48,0
DA:49,0
DA:62,0
DA:66,1
DA:67,0
DA:68,0
DA:70,0
DA:71,0
DA:79,0
DA:83,1
DA:84,0
DA:85,0
DA:87,0
DA:88,0
DA:89,0
DA:103,0
DA:105,0
DA:109,1
DA:110,0
DA:111,0
DA:120,0
DA:124,1
DA:125,0
DA:126,0
DA:134,1
DA:135,0
DA:138,0
DA:142,1
DA:143,0
DA:144,0
DA:148,1
DA:149,0
DA:152,0
DA:160,1
DA:161,0
DA:165,0
DA:169,1
DA:170,0
DA:171,0
DA:173,0
DA:174,0
DA:175,0
DA:177,0
DA:184,0
DA:188,1
DA:189,0
DA:190,0
DA:191,0
DA:193,0
DA:194,0
DA:195,0
DA:196,0
DA:197,0
DA:199,0
DA:203,1
DA:204,0
DA:209,0
DA:210,0
DA:212,0
DA:213,0
DA:214,0
DA:222,0
DA:224,0
DA:228,1
DA:229,0
DA:230,0
DA:238,1
DA:239,0
DA:241,0
DA:242,0
DA:244,0
DA:245,0
DA:251,0
DA:252,0
DA:263,0
DA:264,0
DA:265,0
DA:272,0
DA:274,0
DA:275,0
DA:276,0
DA:277,0
DA:278,0
DA:281,0
DA:287,0
DA:288,0
DA:290,0
DA:291,0
DA:292,0
DA:294,0
DA:299,1
DA:300,0
DA:301,0
DA:302,0
DA:304,0
DA:309,0
DA:310,0
DA:311,0
DA:312,0
DA:313,0
DA:315,0
DA:323,0
DA:324,0
DA:327,0
DA:328,0
DA:330,0
DA:333,0
DA:334,0
DA:336,0
DA:342,0
DA:345,0
DA:346,0
DA:348,0
DA:361,0
DA:374,0
DA:378,1
DA:379,0
DA:380,0
DA:381,0
DA:383,0
DA:384,0
DA:385,0
DA:386,0
DA:387,0
DA:389,0
DA:393,1
DA:394,0
DA:395,0
DA:397,0
DA:398,0
DA:400,0
DA:401,0
DA:407,0
DA:410,0
DA:411,0
DA:421,0
DA:423,0
DA:428,0
DA:430,0
DA:431,0
DA:432,0
DA:438,0
DA:439,0
DA:441,0
DA:442,0
DA:443,0
DA:445,0
DA:450,1
DA:451,0
DA:453,0
DA:454,0
DA:456,0
DA:459,0
DA:460,0
DA:462,0
DA:463,0
DA:464,0
DA:465,0
DA:467,0
DA:468,0
DA:470,0
DA:471,0
DA:472,0
DA:474,0
DA:483,1
DA:484,0
DA:487,0
DA:489,0
DA:490,0
DA:494,1
DA:495,0
DA:496,0
DA:500,1
DA:501,0
DA:504,0
DA:508,1
DA:509,0
DA:511,0
DA:514,0
DA:518,1
DA:519,0
DA:520,0
DA:528,1
DA:529,0
DA:530,0
DA:534,1
DA:535,0
DA:536,0
DA:540,1
DA:541,0
DA:542,0
DA:546,1
DA:547,0
DA:549,0
DA:550,0
DA:552,0
DA:553,0
DA:554,0
DA:555,0
DA:556,0
DA:558,0
DA:559,0
DA:561,0
DA:562,0
DA:563,0
DA:568,1
DA:569,0
DA:571,0
DA:572,0
DA:574,0
DA:576,0
DA:577,0
DA:578,0
DA:579,0
DA:580,0
DA:581,0
DA:582,0
DA:583,0
DA:584,0
DA:586,0
DA:587,0
DA:588,0
LF:232
LH:31
BRDA:28,0,0,0
BRDA:28,0,1,0
BRDA:28,1,0,0
BRDA:28,1,1,0
BRDA:29,2,0,0
BRDA:29,2,1,0
BRDA:29,3,0,0
BRDA:29,3,1,0
BRDA:46,4,0,0
BRDA:68,5,0,0
BRDA:85,6,0,0
BRDA:110,7,0,0
BRDA:165,8,0,0
BRDA:165,8,1,0
BRDA:171,9,0,0
BRDA:175,10,0,0
BRDA:191,11,0,0
BRDA:196,12,0,0
BRDA:210,13,0,0
BRDA:263,14,0,0
BRDA:263,14,1,0
BRDA:263,15,0,0
BRDA:263,15,1,0
BRDA:264,16,0,0
BRDA:264,16,1,0
BRDA:264,17,0,0
BRDA:264,17,1,0
BRDA:275,18,0,0
BRDA:277,19,0,0
BRDA:283,20,0,0
BRDA:283,20,1,0
BRDA:283,21,0,0
BRDA:283,21,1,0
BRDA:301,22,0,0
BRDA:313,23,0,0
BRDA:328,24,0,0
BRDA:333,25,0,0
BRDA:345,26,0,0
BRDA:381,27,0,0
BRDA:386,28,0,0
BRDA:394,29,0,0
BRDA:407,30,0,0
BRDA:421,31,0,0
BRDA:428,32,0,0
BRDA:434,33,0,0
BRDA:434,33,1,0
BRDA:434,34,0,0
BRDA:434,34,1,0
BRDA:459,35,0,0
BRDA:496,36,0,0
BRDA:496,36,1,0
BRDA:504,37,0,0
BRDA:504,37,1,0
BRDA:514,38,0,0
BRDA:514,38,1,0
BRF:55
BRH:0
end_of_record
TN:
SF:src/db.ts
FNF:0
FNH:0
DA:1,1
DA:2,1
DA:4,1
DA:6,1
DA:15,1
LF:5
LH:5
BRF:0
BRH:0
end_of_record
TN:
SF:src/helper.ts
FN:13,generateUBL
FN:55,(anonymous_8)
FN:87,(anonymous_9)
FN:104,userExists
FN:119,validItemList
FN:155,validSellers
FN:175,addItems
FNF:7
FNH:1
FNDA:0,generateUBL
FNDA:0,(anonymous_8)
FNDA:0,(anonymous_9)
FNDA:0,userExists
FNDA:5,validItemList
FNDA:0,validSellers
FNDA:0,addItems
DA:2,6
DA:5,6
DA:13,6
DA:15,0
DA:17,0
DA:18,0
DA:19,0
DA:23,0
DA:27,0
DA:28,0
DA:29,0
DA:31,0
DA:55,0
DA:87,0
DA:96,0
DA:104,6
DA:105,0
DA:106,0
DA:107,0
DA:109,0
DA:119,6
DA:120,5
DA:121,5
DA:122,5
DA:123,6
DA:125,6
DA:126,1
DA:127,5
DA:128,1
DA:131,4
DA:132,4
DA:133,1
DA:137,3
DA:138,1
DA:139,2
DA:140,1
DA:142,1
DA:143,1
DA:147,0
DA:155,6
DA:156,0
DA:157,0
DA:158,0
DA:159,0
DA:161,0
DA:162,0
DA:163,0
DA:167,0
DA:175,6
DA:177,0
DA:178,0
DA:179,0
DA:180,0
DA:181,0
DA:185,0
LF:55
LH:24
BRDA:18,0,0,0
BRDA:18,1,0,0
BRDA:18,1,1,0
BRDA:106,2,0,0
BRDA:106,3,0,0
BRDA:106,3,1,0
BRDA:125,4,0,1
BRDA:125,4,1,5
BRDA:127,5,0,1
BRDA:132,6,0,1
BRDA:132,7,0,4
BRDA:132,7,1,1
BRDA:137,8,0,1
BRDA:137,8,1,2
BRDA:139,9,0,1
BRDA:139,9,1,1
BRDA:158,10,0,0
BRDA:162,11,0,0
BRDA:178,12,0,0
BRDA:180,13,0,0
BRF:20
BRH:10
end_of_record
TN:
SF:src/server.ts
FN:75,(anonymous_8)
FN:77,connectRedis
FN:97,(anonymous_11)
FN:106,(anonymous_12)
FN:106,(anonymous_13)
FN:136,makeJwtToken
FN:142,(anonymous_15)
FN:142,(anonymous_16)
FN:148,(anonymous_17)
FN:148,(anonymous_18)
FN:163,(anonymous_19)
FN:163,(anonymous_20)
FN:178,(anonymous_21)
FN:178,(anonymous_22)
FN:198,(anonymous_23)
FN:203,(anonymous_24)
FN:203,(anonymous_25)
FN:219,(anonymous_26)
FN:219,(anonymous_27)
FN:240,(anonymous_28)
FN:240,(anonymous_29)
FN:262,(anonymous_30)
FN:262,(anonymous_31)
FN:280,(anonymous_32)
FN:280,(anonymous_33)
FN:285,(anonymous_34)
FN:293,(anonymous_35)
FN:298,(anonymous_36)
FN:299,(anonymous_37)
FNF:29
FNH:1
FNDA:0,(anonymous_8)
FNDA:7,connectRedis
FNDA:0,(anonymous_11)
FNDA:0,(anonymous_12)
FNDA:0,(anonymous_13)
FNDA:0,makeJwtToken
FNDA:0,(anonymous_15)
FNDA:0,(anonymous_16)
FNDA:0,(anonymous_17)
FNDA:0,(anonymous_18)
FNDA:0,(anonymous_19)
FNDA:0,(anonymous_20)
FNDA:0,(anonymous_21)
FNDA:0,(anonymous_22)
FNDA:0,(anonymous_23)
FNDA:0,(anonymous_24)
FNDA:0,(anonymous_25)
FNDA:0,(anonymous_26)
FNDA:0,(anonymous_27)
FNDA:0,(anonymous_28)
FNDA:0,(anonymous_29)
FNDA:0,(anonymous_30)
FNDA:0,(anonymous_31)
FNDA:0,(anonymous_32)
FNDA:0,(anonymous_33)
FNDA:0,(anonymous_34)
FNDA:0,(anonymous_35)
FNDA:0,(anonymous_36)
FNDA:0,(anonymous_37)
DA:1,7
DA:3,7
DA:4,7
DA:5,7
DA:6,7
DA:7,7
DA:8,7
DA:10,7
DA:11,7
DA:13,7
DA:14,7
DA:15,7
DA:18,7
DA:25,7
DA:27,7
DA:30,7
DA:33,7
DA:36,7
DA:38,7
DA:39,7
DA:40,7
DA:44,7
DA:47,7
DA:50,7
DA:53,7
DA:66,7
DA:75,7
DA:78,7
DA:79,7
DA:80,7
DA:82,7
DA:83,7
DA:85,0
DA:90,7
DA:97,7
DA:98,0
DA:106,7
DA:107,0
DA:108,0
DA:110,0
DA:111,0
DA:115,0
DA:116,0
DA:117,0
DA:118,0
DA:122,0
DA:123,0
DA:125,0
DA:127,0
DA:128,0
DA:133,7
DA:137,0
DA:138,0
DA:142,7
DA:143,0
DA:144,0
DA:145,0
DA:148,7
DA:149,0
DA:150,0
DA:151,0
DA:152,0
DA:153,0
DA:155,0
DA:156,0
DA:158,0
DA:163,7
DA:164,0
DA:165,0
DA:166,0
DA:167,0
DA:168,0
DA:170,0
DA:171,0
DA:173,0
DA:178,7
DA:179,0
DA:180,0
DA:181,0
DA:182,0
DA:184,0
DA:185,0
DA:187,0
DA:198,7
DA:199,0
DA:203,7
DA:204,0
DA:205,0
DA:206,0
DA:207,0
DA:209,0
DA:210,0
DA:212,0
DA:214,0
DA:219,7
DA:220,0
DA:221,0
DA:222,0
DA:224,0
DA:225,0
DA:228,0
DA:229,0
DA:230,0
DA:231,0
DA:232,0
DA:234,0
DA:236,0
DA:240,7
DA:241,0
DA:242,0
DA:244,0
DA:245,0
DA:248,0
DA:249,0
DA:250,0
DA:251,0
DA:252,0
DA:254,0
DA:256,0
DA:262,7
DA:263,0
DA:264,0
DA:265,0
DA:266,0
DA:267,0
DA:268,0
DA:269,0
DA:271,0
DA:272,0
DA:273,0
DA:275,0
DA:280,7
DA:281,0
DA:285,7
DA:286,0
DA:293,7
DA:294,0
DA:298,7
DA:299,0
DA:300,0
DA:301,0
LF:141
LH:49
BRDA:38,0,0,7
BRDA:38,0,1,5
BRDA:39,1,0,7
BRDA:39,1,1,5
BRDA:40,2,0,7
BRDA:40,2,1,5
BRDA:79,3,0,7
BRDA:108,4,0,0
BRDA:108,4,1,0
BRDA:108,5,0,0
BRDA:108,5,1,0
BRDA:110,6,0,0
BRDA:116,7,0,0
BRDA:143,8,0,0
BRDA:143,8,1,0
BRDA:143,9,0,0
BRDA:143,9,1,0
BRDA:155,10,0,0
BRDA:155,10,1,0
BRDA:170,11,0,0
BRDA:170,11,1,0
BRDA:184,12,0,0
BRDA:184,12,1,0
BRDA:210,13,0,0
BRDA:210,13,1,0
BRDA:210,14,0,0
BRDA:210,14,1,0
BRDA:229,15,0,0
BRDA:229,15,1,0
BRDA:229,16,0,0
BRDA:229,16,1,0
BRDA:231,17,0,0
BRDA:231,17,1,0
BRDA:249,18,0,0
BRDA:249,18,1,0
BRDA:249,19,0,0
BRDA:249,19,1,0
BRDA:251,20,0,0
BRDA:251,20,1,0
BRDA:272,21,0,0
BRDA:272,21,1,0
BRDA:272,22,0,0
BRDA:272,22,1,0
BRDA:286,23,0,0
BRDA:286,23,1,0
BRF:45
BRH:7
end_of_record
TN:
SF:src/types.ts
FN:65,(anonymous_0)
FN:86,(anonymous_1)
FN:104,(anonymous_2)
FNF:3
FNH:3
FNDA:8,(anonymous_0)
FNDA:8,(anonymous_1)
FNDA:24,(anonymous_2)
DA:65,8
DA:66,8
DA:67,8
DA:68,8
DA:86,8
DA:87,8
DA:88,8
DA:89,8
DA:101,8
DA:105,24
DA:106,24
DA:107,24
LF:12
LH:12
BRDA:65,0,0,8
BRDA:65,0,1,8
BRDA:86,1,0,8
BRDA:86,1,1,8
BRF:4
BRH:4
end_of_record
TN:
SF:src/user.ts
FN:17,userRegister
FN:61,userLogin
FN:69,(anonymous_12)
FN:98,userLogout
FN:117,userDetails
FN:178,validateName
FN:202,validatePassword
FNF:7
FNH:7
FNDA:9,userRegister
FNDA:6,userLogin
FNDA:5,(anonymous_12)
FNDA:3,userLogout
FNDA:2,userDetails
FNDA:6,validateName
FNDA:7,validatePassword
DA:1,7
DA:2,7
DA:3,7
DA:4,7
DA:17,7
DA:23,9
DA:24,1
DA:27,8
DA:28,8
DA:29,1
DA:30,1
DA:34,7
DA:35,4
DA:36,2
DA:38,1
DA:39,1
DA:48,1
DA:49,1
DA:61,7
DA:65,6
DA:68,6
DA:69,6
DA:71,6
DA:72,1
DA:76,5
DA:77,5
DA:78,2
DA:79,2
DA:80,2
DA:84,3
DA:85,3
DA:86,3
DA:88,3
DA:98,7
DA:100,3
DA:102,3
DA:117,7
DA:119,2
DA:121,2
DA:122,1
DA:125,1
DA:179,6
DA:180,6
DA:181,1
DA:186,5
DA:187,2
DA:193,3
DA:203,7
DA:204,2
DA:206,5
DA:207,1
DA:209,4
DA:210,0
DA:212,4
LF:54
LH:53
BRDA:23,0,0,1
BRDA:29,1,0,1
BRDA:71,2,0,1
BRDA:77,3,0,2
BRDA:121,4,0,1
BRDA:180,5,0,1
BRDA:186,6,0,2
BRDA:186,7,0,5
BRDA:186,7,1,3
BRDA:203,8,0,2
BRDA:206,9,0,1
BRDA:209,10,0,0
BRF:12
BRH:11
end_of_record
TN:
SF:src/tests/testHelper.ts
FN:13,reqHelper
FN:31,userRegister
FN:47,userLogin
FN:56,userLogout
FN:64,userDetails
FN:72,userDetailsUpdate
FN:90,requestOrderCreate
FN:103,requestOrderUserSales
FNF:8
FNH:0
FNDA:0,reqHelper
FNDA:0,userRegister
FNDA:0,userLogin
FNDA:0,userLogout
FNDA:0,userDetails
FNDA:0,userDetailsUpdate
FNDA:0,requestOrderCreate
FNDA:0,requestOrderUserSales
DA:1,1
DA:2,1
DA:10,1
DA:11,1
DA:13,1
DA:18,0
DA:22,0
DA:31,1
DA:37,0
DA:47,1
DA:48,0
DA:56,1
DA:57,0
DA:64,1
DA:65,0
DA:72,1
DA:78,0
DA:90,1
DA:93,0
DA:97,0
DA:103,1
DA:106,0
DA:110,0
LF:23
LH:12
BRF:0
BRH:0
end_of_record
