TN:
SF:src/app.ts
FN:25,orderCreate
FN:89,v2orderCreate
FN:168,(anonymous_12)
FN:168,(anonymous_13)
FN:202,(anonymous_14)
FN:202,(anonymous_15)
FN:243,orderUserSales
FN:307,(anonymous_18)
FN:307,(anonymous_19)
FN:346,(anonymous_20)
FN:346,(anonymous_21)
FN:381,userItemAdd
FNF:12
FNH:10
FNDA:15,orderCreate
FNDA:17,v2orderCreate
FNDA:5,(anonymous_12)
FNDA:5,(anonymous_13)
FNDA:4,(anonymous_14)
FNDA:4,(anonymous_15)
FNDA:6,orderUserSales
FNDA:6,(anonymous_18)
FNDA:6,(anonymous_19)
FNDA:0,(anonymous_20)
FNDA:0,(anonymous_21)
FNDA:9,userItemAdd
DA:1,11
DA:2,11
DA:5,11
DA:11,11
DA:14,11
DA:15,11
DA:16,11
DA:26,15
DA:27,1
DA:29,14
DA:30,14
DA:31,2
DA:36,12
DA:39,1
DA:43,11
DA:44,11
DA:46,2
DA:50,9
DA:51,1
DA:55,8
DA:56,8
DA:57,1
DA:62,7
DA:64,2
DA:65,1
DA:69,1
DA:70,1
DA:71,1
DA:72,1
DA:75,1
DA:76,1
DA:77,1
DA:79,1
DA:90,17
DA:91,1
DA:93,16
DA:94,16
DA:95,2
DA:100,14
DA:103,1
DA:106,13
DA:109,0
DA:113,13
DA:114,13
DA:116,2
DA:120,11
DA:121,1
DA:124,10
DA:125,2
DA:129,8
DA:130,8
DA:131,1
DA:136,7
DA:138,2
DA:139,1
DA:142,1
DA:144,0
DA:147,1
DA:148,1
DA:149,1
DA:152,1
DA:153,1
DA:154,1
DA:156,1
DA:168,11
DA:170,5
DA:171,5
DA:172,2
DA:174,3
DA:175,3
DA:176,1
DA:180,2
DA:181,1
DA:183,1
DA:186,1
DA:187,1
DA:188,0
DA:191,1
DA:202,11
DA:204,4
DA:205,4
DA:206,1
DA:208,3
DA:209,3
DA:210,1
DA:214,2
DA:215,1
DA:218,1
DA:219,0
DA:221,1
DA:224,1
DA:225,1
DA:226,0
DA:230,1
DA:231,1
DA:244,6
DA:245,1
DA:247,5
DA:248,1
DA:250,4
DA:252,4
DA:253,1
DA:257,3
DA:259,3
DA:261,3
DA:262,3
DA:263,3
DA:267,3
DA:270,3
DA:272,3
DA:273,3
DA:276,3
DA:278,2
DA:283,2
DA:286,2
DA:288,2
DA:291,3
DA:292,2
DA:293,2
DA:297,3
DA:307,11
DA:308,6
DA:309,2
DA:312,4
DA:313,4
DA:314,1
DA:317,3
DA:318,3
DA:320,2
DA:321,2
DA:322,2
DA:324,1
DA:325,1
DA:326,1
DA:328,0
DA:332,1
DA:333,1
DA:337,1
DA:346,11
DA:349,0
DA:350,0
DA:352,0
DA:353,0
DA:354,0
DA:358,0
DA:359,0
DA:360,0
DA:362,0
DA:363,0
DA:364,0
DA:366,0
DA:370,0
DA:382,9
DA:383,5
DA:384,1
DA:386,4
DA:387,6
DA:388,1
DA:390,5
DA:393,1
DA:395,4
DA:396,4
DA:397,1
DA:401,1
DA:402,1
DA:405,11
LF:166
LH:147
BRDA:26,0,0,1
BRDA:30,1,0,2
BRDA:36,2,0,1
BRDA:36,3,0,12
BRDA:36,3,1,12
BRDA:36,3,2,11
BRDA:44,4,0,2
BRDA:44,5,0,11
BRDA:44,5,1,10
BRDA:44,5,2,10
BRDA:50,6,0,1
BRDA:56,7,0,1
BRDA:64,8,0,1
BRDA:75,9,0,1
BRDA:90,10,0,1
BRDA:94,11,0,2
BRDA:100,12,0,1
BRDA:100,13,0,14
BRDA:100,13,1,14
BRDA:100,13,2,13
BRDA:106,14,0,0
BRDA:106,15,0,13
BRDA:106,15,1,13
BRDA:106,15,2,13
BRDA:106,15,3,13
BRDA:114,16,0,2
BRDA:114,17,0,13
BRDA:114,17,1,12
BRDA:114,17,2,12
BRDA:120,18,0,1
BRDA:124,19,0,2
BRDA:124,20,0,10
BRDA:124,20,1,3
BRDA:124,20,2,2
BRDA:130,21,0,1
BRDA:138,22,0,1
BRDA:142,23,0,0
BRDA:142,24,0,1
BRDA:142,24,1,1
BRDA:142,24,2,1
BRDA:152,25,0,1
BRDA:171,26,0,2
BRDA:175,27,0,1
BRDA:180,28,0,1
BRDA:187,29,0,0
BRDA:205,30,0,1
BRDA:209,31,0,1
BRDA:214,32,0,1
BRDA:218,33,0,0
BRDA:225,34,0,0
BRDA:244,35,0,1
BRDA:244,36,0,6
BRDA:244,36,1,2
BRDA:244,36,2,1
BRDA:247,37,0,1
BRDA:252,38,0,1
BRDA:272,39,0,3
BRDA:276,40,0,2
BRDA:291,41,0,2
BRDA:308,42,0,2
BRDA:308,43,0,6
BRDA:308,43,1,5
BRDA:313,44,0,1
BRDA:318,45,0,1
BRDA:322,46,0,1
BRDA:326,47,0,0
BRDA:326,48,0,1
BRDA:326,48,1,0
BRDA:332,49,0,1
BRDA:349,50,0,0
BRDA:353,51,0,0
BRDA:363,52,0,0
BRDA:363,52,1,0
BRDA:383,53,0,1
BRDA:387,54,0,1
BRDA:390,55,0,1
BRDA:390,56,0,5
BRDA:390,56,1,5
BRDA:390,56,2,5
BRDA:390,56,3,4
BRDA:396,57,0,1
BRF:81
BRH:70
end_of_record
TN:
SF:src/dataStoreV1.ts
FN:27,addUserV1
FN:43,getUserV1
FN:66,getUserSimpleV1
FN:83,getAllUsersV1
FN:109,updateUserV1
FN:124,deleteUserV1
FN:134,addTokenV1
FN:142,validTokenV1
FN:148,deleteTokenV1
FN:160,addItemV1
FN:169,getItemV1
FN:188,getItemsBySellerV1
FN:203,getItemSellerSalesV1
FN:228,getPopularItemsV1
FN:243,getItemBuyerRecommendationsV1
FN:249,(anonymous_38)
FN:257,(anonymous_39)
FN:267,(anonymous_40)
FN:279,deleteItemV1
FN:289,addOrderV1
FN:351,getOrderV1
FN:431,getOrdersByBuyerV1
FN:446,updateOrderV1
FN:505,deleteOrderV1
FN:538,addOrderXMLV1
FN:549,getOrderXMLV1
FN:555,getLatestOrderXMLV1
FN:563,getAllOrderXMLsV1
FN:567,(anonymous_61)
FN:571,deleteOrderXMLsV1
FNF:30
FNH:1
FNDA:2,addUserV1
FNDA:0,getUserV1
FNDA:0,getUserSimpleV1
FNDA:0,getAllUsersV1
FNDA:0,updateUserV1
FNDA:0,deleteUserV1
FNDA:0,addTokenV1
FNDA:0,validTokenV1
FNDA:0,deleteTokenV1
FNDA:0,addItemV1
FNDA:0,getItemV1
FNDA:0,getItemsBySellerV1
FNDA:0,getItemSellerSalesV1
FNDA:0,getPopularItemsV1
FNDA:0,getItemBuyerRecommendationsV1
FNDA:0,(anonymous_38)
FNDA:0,(anonymous_39)
FNDA:0,(anonymous_40)
FNDA:0,deleteItemV1
FNDA:0,addOrderV1
FNDA:0,getOrderV1
FNDA:0,getOrdersByBuyerV1
FNDA:0,updateOrderV1
FNDA:0,deleteOrderV1
FNDA:0,addOrderXMLV1
FNDA:0,getOrderXMLV1
FNDA:0,getLatestOrderXMLV1
FNDA:0,getAllOrderXMLsV1
FNDA:0,(anonymous_61)
FNDA:0,deleteOrderXMLsV1
DA:1,4
DA:2,4
DA:27,4
DA:28,2
DA:29,2
DA:30,2
DA:39,0
DA:43,4
DA:45,0
DA:46,0
DA:48,0
DA:49,0
DA:62,0
DA:66,4
DA:67,0
DA:68,0
DA:70,0
DA:71,0
DA:79,0
DA:83,4
DA:84,0
DA:85,0
DA:87,0
DA:88,0
DA:89,0
DA:103,0
DA:105,0
DA:109,4
DA:110,0
DA:111,0
DA:120,0
DA:124,4
DA:125,0
DA:126,0
DA:134,4
DA:135,0
DA:138,0
DA:142,4
DA:143,0
DA:144,0
DA:148,4
DA:149,0
DA:152,0
DA:160,4
DA:161,0
DA:165,0
DA:169,4
DA:170,0
DA:171,0
DA:173,0
DA:174,0
DA:175,0
DA:177,0
DA:184,0
DA:188,4
DA:189,0
DA:190,0
DA:191,0
DA:193,0
DA:194,0
DA:195,0
DA:196,0
DA:197,0
DA:199,0
DA:203,4
DA:204,0
DA:209,0
DA:210,0
DA:212,0
DA:213,0
DA:214,0
DA:222,0
DA:224,0
DA:228,4
DA:229,0
DA:234,0
DA:235,0
DA:236,0
DA:237,0
DA:239,0
DA:243,4
DA:244,0
DA:249,0
DA:250,0
DA:252,0
DA:257,0
DA:258,0
DA:260,0
DA:261,0
DA:262,0
DA:267,0
DA:269,0
DA:271,0
DA:272,0
DA:275,0
DA:279,4
DA:280,0
DA:281,0
DA:289,4
DA:290,0
DA:292,0
DA:293,0
DA:295,0
DA:296,0
DA:302,0
DA:303,0
DA:314,0
DA:315,0
DA:316,0
DA:324,0
DA:326,0
DA:327,0
DA:328,0
DA:329,0
DA:330,0
DA:333,0
DA:339,0
DA:340,0
DA:342,0
DA:343,0
DA:344,0
DA:346,0
DA:351,4
DA:352,0
DA:353,0
DA:354,0
DA:356,0
DA:361,0
DA:362,0
DA:363,0
DA:364,0
DA:365,0
DA:367,0
DA:375,0
DA:376,0
DA:379,0
DA:380,0
DA:382,0
DA:385,0
DA:386,0
DA:388,0
DA:394,0
DA:397,0
DA:398,0
DA:400,0
DA:413,0
DA:425,0
DA:426,0
DA:427,0
DA:431,4
DA:432,0
DA:433,0
DA:434,0
DA:436,0
DA:437,0
DA:438,0
DA:439,0
DA:440,0
DA:442,0
DA:446,4
DA:447,0
DA:448,0
DA:450,0
DA:451,0
DA:453,0
DA:454,0
DA:460,0
DA:463,0
DA:464,0
DA:474,0
DA:476,0
DA:483,0
DA:485,0
DA:486,0
DA:487,0
DA:493,0
DA:494,0
DA:496,0
DA:497,0
DA:498,0
DA:500,0
DA:505,4
DA:506,0
DA:508,0
DA:509,0
DA:511,0
DA:514,0
DA:515,0
DA:517,0
DA:518,0
DA:519,0
DA:520,0
DA:522,0
DA:523,0
DA:525,0
DA:526,0
DA:527,0
DA:529,0
DA:538,4
DA:539,0
DA:542,0
DA:544,0
DA:545,0
DA:549,4
DA:550,0
DA:551,0
DA:555,4
DA:556,0
DA:559,0
DA:563,4
DA:564,0
DA:567,0
DA:571,4
DA:572,0
DA:573,0
LF:215
LH:31
BRDA:28,0,0,2
BRDA:28,0,1,0
BRDA:28,1,0,2
BRDA:28,1,1,2
BRDA:29,2,0,2
BRDA:29,2,1,0
BRDA:29,3,0,2
BRDA:29,3,1,2
BRDA:46,4,0,0
BRDA:68,5,0,0
BRDA:85,6,0,0
BRDA:110,7,0,0
BRDA:165,8,0,0
BRDA:165,8,1,0
BRDA:171,9,0,0
BRDA:175,10,0,0
BRDA:191,11,0,0
BRDA:196,12,0,0
BRDA:210,13,0,0
BRDA:237,14,0,0
BRDA:250,15,0,0
BRDA:258,16,0,0
BRDA:269,17,0,0
BRDA:272,18,0,0
BRDA:314,19,0,0
BRDA:314,19,1,0
BRDA:314,20,0,0
BRDA:314,20,1,0
BRDA:315,21,0,0
BRDA:315,21,1,0
BRDA:315,22,0,0
BRDA:315,22,1,0
BRDA:327,23,0,0
BRDA:329,24,0,0
BRDA:335,25,0,0
BRDA:335,25,1,0
BRDA:335,26,0,0
BRDA:335,26,1,0
BRDA:353,27,0,0
BRDA:365,28,0,0
BRDA:380,29,0,0
BRDA:385,30,0,0
BRDA:397,31,0,0
BRDA:425,32,0,0
BRDA:426,33,0,0
BRDA:434,34,0,0
BRDA:439,35,0,0
BRDA:447,36,0,0
BRDA:460,37,0,0
BRDA:474,38,0,0
BRDA:483,39,0,0
BRDA:489,40,0,0
BRDA:489,40,1,0
BRDA:489,41,0,0
BRDA:489,41,1,0
BRDA:514,42,0,0
BRDA:551,43,0,0
BRDA:551,43,1,0
BRDA:559,44,0,0
BRDA:559,44,1,0
BRDA:567,45,0,0
BRDA:567,45,1,0
BRF:62
BRH:6
end_of_record
TN:
SF:src/dataStoreV2.ts
FN:22,getUserSimpleV2
FN:45,addItemV2
FN:54,getItemV2
FN:73,getItemBuyersV2
FN:102,addOrderV2
FN:167,getOrderV2
FN:252,getOrdersByBuyerV2
FN:267,updateOrderV2
FN:328,confirmOrderV2
FN:336,cancelOrderV2
FNF:10
FNH:0
FNDA:0,getUserSimpleV2
FNDA:0,addItemV2
FNDA:0,getItemV2
FNDA:0,getItemBuyersV2
FNDA:0,addOrderV2
FNDA:0,getOrderV2
FNDA:0,getOrdersByBuyerV2
FNDA:0,updateOrderV2
FNDA:0,confirmOrderV2
FNDA:0,cancelOrderV2
DA:1,10
DA:2,10
DA:4,10
DA:22,10
DA:23,0
DA:24,0
DA:26,0
DA:27,0
DA:36,0
DA:37,0
DA:45,10
DA:46,0
DA:50,0
DA:54,10
DA:55,0
DA:56,0
DA:58,0
DA:59,0
DA:60,0
DA:62,0
DA:69,0
DA:73,10
DA:74,0
DA:79,0
DA:80,0
DA:82,0
DA:83,0
DA:84,0
DA:85,0
DA:87,0
DA:92,0
DA:94,0
DA:102,10
DA:103,0
DA:105,0
DA:106,0
DA:108,0
DA:109,0
DA:115,0
DA:116,0
DA:127,0
DA:128,0
DA:129,0
DA:140,0
DA:142,0
DA:143,0
DA:144,0
DA:145,0
DA:146,0
DA:149,0
DA:155,0
DA:156,0
DA:158,0
DA:159,0
DA:160,0
DA:162,0
DA:167,10
DA:168,0
DA:169,0
DA:170,0
DA:172,0
DA:177,0
DA:178,0
DA:179,0
DA:180,0
DA:181,0
DA:183,0
DA:191,0
DA:192,0
DA:195,0
DA:196,0
DA:198,0
DA:201,0
DA:202,0
DA:204,0
DA:210,0
DA:213,0
DA:214,0
DA:216,0
DA:229,0
DA:245,0
DA:246,0
DA:247,0
DA:248,0
DA:252,10
DA:253,0
DA:254,0
DA:255,0
DA:257,0
DA:258,0
DA:259,0
DA:260,0
DA:261,0
DA:263,0
DA:267,10
DA:268,0
DA:269,0
DA:271,0
DA:272,0
DA:274,0
DA:275,0
DA:281,0
DA:284,0
DA:285,0
DA:295,0
DA:297,0
DA:306,0
DA:308,0
DA:309,0
DA:310,0
DA:316,0
DA:317,0
DA:319,0
DA:320,0
DA:321,0
DA:323,0
DA:328,10
DA:329,0
DA:332,0
DA:336,10
DA:337,0
DA:340,0
LF:122
LH:13
BRDA:24,0,0,0
BRDA:36,1,0,0
BRDA:50,2,0,0
BRDA:50,2,1,0
BRDA:56,3,0,0
BRDA:60,4,0,0
BRDA:80,5,0,0
BRDA:85,6,0,0
BRDA:127,7,0,0
BRDA:127,7,1,0
BRDA:127,8,0,0
BRDA:127,8,1,0
BRDA:128,9,0,0
BRDA:128,9,1,0
BRDA:128,10,0,0
BRDA:128,10,1,0
BRDA:143,11,0,0
BRDA:145,12,0,0
BRDA:151,13,0,0
BRDA:151,13,1,0
BRDA:151,14,0,0
BRDA:151,14,1,0
BRDA:169,15,0,0
BRDA:181,16,0,0
BRDA:196,17,0,0
BRDA:201,18,0,0
BRDA:213,19,0,0
BRDA:245,20,0,0
BRDA:246,21,0,0
BRDA:247,22,0,0
BRDA:255,23,0,0
BRDA:260,24,0,0
BRDA:268,25,0,0
BRDA:281,26,0,0
BRDA:295,27,0,0
BRDA:306,28,0,0
BRDA:312,29,0,0
BRDA:312,29,1,0
BRDA:312,30,0,0
BRDA:312,30,1,0
BRF:40
BRH:0
end_of_record
TN:
SF:src/db.ts
FNF:0
FNH:0
DA:1,12
DA:2,12
DA:4,12
DA:6,12
DA:15,12
LF:5
LH:5
BRF:0
BRH:0
end_of_record
TN:
SF:src/helper.ts
FN:20,generateUBL
FN:66,(anonymous_9)
FN:98,(anonymous_10)
FN:116,v2generateUBL
FN:163,(anonymous_12)
FN:195,(anonymous_13)
FN:217,userExists
FN:230,v2userExists
FN:245,validItemList
FN:283,v2validItemList
FN:321,v1validItems
FN:351,validSellers
FN:371,v2validSellers
FN:396,addItems
FN:414,v2addItems
FN:434,generatePDF
FN:443,(anonymous_34)
FN:444,(anonymous_35)
FN:446,(anonymous_36)
FNF:19
FNH:8
FNDA:0,generateUBL
FNDA:0,(anonymous_9)
FNDA:0,(anonymous_10)
FNDA:0,v2generateUBL
FNDA:0,(anonymous_12)
FNDA:0,(anonymous_13)
FNDA:0,userExists
FNDA:0,v2userExists
FNDA:5,validItemList
FNDA:5,v2validItemList
FNDA:5,v1validItems
FNDA:0,validSellers
FNDA:0,v2validSellers
FNDA:0,addItems
FNDA:1,v2addItems
FNDA:2,generatePDF
FNDA:3,(anonymous_34)
FNDA:3,(anonymous_35)
FNDA:3,(anonymous_36)
DA:2,9
DA:4,9
DA:5,9
DA:6,9
DA:8,9
DA:9,9
DA:10,9
DA:11,9
DA:12,9
DA:20,9
DA:22,0
DA:24,0
DA:25,0
DA:26,0
DA:27,0
DA:29,0
DA:31,0
DA:36,0
DA:37,0
DA:38,0
DA:39,0
DA:42,0
DA:66,0
DA:98,0
DA:107,0
DA:116,9
DA:118,0
DA:121,0
DA:122,0
DA:123,0
DA:127,0
DA:132,0
DA:133,0
DA:134,0
DA:135,0
DA:136,0
DA:139,0
DA:163,0
DA:195,0
DA:209,0
DA:217,9
DA:218,0
DA:219,0
DA:220,0
DA:222,0
DA:230,9
DA:231,0
DA:232,0
DA:233,0
DA:235,0
DA:245,9
DA:246,5
DA:247,5
DA:248,5
DA:249,6
DA:251,6
DA:252,1
DA:253,5
DA:254,1
DA:257,4
DA:258,4
DA:259,1
DA:263,3
DA:264,1
DA:265,2
DA:266,1
DA:268,1
DA:269,1
DA:273,0
DA:283,9
DA:284,5
DA:285,5
DA:286,5
DA:287,6
DA:289,6
DA:290,1
DA:291,5
DA:292,1
DA:295,4
DA:296,4
DA:297,1
DA:301,3
DA:302,1
DA:303,2
DA:304,1
DA:306,1
DA:307,1
DA:311,0
DA:321,9
DA:322,5
DA:323,5
DA:325,7
DA:326,1
DA:327,6
DA:328,1
DA:331,5
DA:332,5
DA:333,1
DA:337,4
DA:338,1
DA:340,3
DA:343,1
DA:351,9
DA:352,0
DA:353,0
DA:354,0
DA:355,0
DA:357,0
DA:358,0
DA:359,0
DA:363,0
DA:371,9
DA:372,0
DA:373,0
DA:374,0
DA:375,0
DA:377,0
DA:380,0
DA:382,0
DA:383,0
DA:384,0
DA:388,0
DA:396,9
DA:398,0
DA:399,0
DA:400,0
DA:401,0
DA:402,0
DA:406,0
DA:414,9
DA:416,1
DA:417,2
DA:419,2
DA:420,2
DA:424,1
DA:434,9
DA:436,2
DA:438,2
DA:439,2
DA:440,2
DA:443,3
DA:444,3
DA:446,3
DA:449,2
DA:450,2
DA:451,2
DA:463,2
DA:466,2
DA:467,2
DA:468,2
DA:480,2
DA:483,2
DA:484,2
DA:485,2
DA:486,2
DA:489,2
DA:492,2
DA:493,2
DA:495,2
DA:497,2
DA:498,3
DA:499,3
DA:500,3
DA:501,3
DA:502,3
DA:503,3
DA:505,2
DA:506,2
LF:168
LH:105
BRDA:26,0,0,0
BRDA:26,1,0,0
BRDA:26,1,1,0
BRDA:37,2,0,0
BRDA:122,3,0,0
BRDA:122,4,0,0
BRDA:122,4,1,0
BRDA:134,5,0,0
BRDA:219,6,0,0
BRDA:219,7,0,0
BRDA:219,7,1,0
BRDA:232,8,0,0
BRDA:232,9,0,0
BRDA:232,9,1,0
BRDA:251,10,0,1
BRDA:251,10,1,5
BRDA:253,11,0,1
BRDA:258,12,0,1
BRDA:258,13,0,4
BRDA:258,13,1,1
BRDA:263,14,0,1
BRDA:263,14,1,2
BRDA:265,15,0,1
BRDA:265,15,1,1
BRDA:289,16,0,1
BRDA:289,16,1,5
BRDA:291,17,0,1
BRDA:296,18,0,1
BRDA:296,19,0,4
BRDA:296,19,1,1
BRDA:301,20,0,1
BRDA:301,20,1,2
BRDA:303,21,0,1
BRDA:303,21,1,1
BRDA:325,22,0,1
BRDA:325,22,1,6
BRDA:327,23,0,1
BRDA:332,24,0,1
BRDA:337,25,0,1
BRDA:354,26,0,0
BRDA:358,27,0,0
BRDA:374,28,0,0
BRDA:377,29,0,0
BRDA:377,30,0,0
BRDA:377,30,1,0
BRDA:377,30,2,0
BRDA:377,30,3,0
BRDA:383,31,0,0
BRDA:399,32,0,0
BRDA:401,33,0,0
BRDA:417,34,0,2
BRDA:419,35,0,2
BRF:52
BRH:27
end_of_record
TN:
SF:src/server.ts
FN:76,(anonymous_8)
FN:78,connectRedis
FN:98,(anonymous_11)
FN:107,(anonymous_12)
FN:107,(anonymous_13)
FN:137,makeJwtToken
FN:143,(anonymous_15)
FN:143,(anonymous_16)
FN:149,(anonymous_17)
FN:149,(anonymous_18)
FN:164,(anonymous_19)
FN:164,(anonymous_20)
FN:179,(anonymous_21)
FN:179,(anonymous_22)
FN:199,(anonymous_23)
FN:204,(anonymous_24)
FN:204,(anonymous_25)
FN:220,(anonymous_26)
FN:220,(anonymous_27)
FN:241,(anonymous_28)
FN:241,(anonymous_29)
FN:263,(anonymous_30)
FN:263,(anonymous_31)
FN:282,(anonymous_32)
FN:282,(anonymous_33)
FN:299,(anonymous_34)
FN:299,(anonymous_35)
FN:313,(anonymous_36)
FN:313,(anonymous_37)
FN:334,(anonymous_38)
FN:334,(anonymous_39)
FN:346,(anonymous_40)
FN:354,(anonymous_41)
FN:359,(anonymous_42)
FN:360,(anonymous_43)
FNF:35
FNH:1
FNDA:0,(anonymous_8)
FNDA:10,connectRedis
FNDA:0,(anonymous_11)
FNDA:0,(anonymous_12)
FNDA:0,(anonymous_13)
FNDA:0,makeJwtToken
FNDA:0,(anonymous_15)
FNDA:0,(anonymous_16)
FNDA:0,(anonymous_17)
FNDA:0,(anonymous_18)
FNDA:0,(anonymous_19)
FNDA:0,(anonymous_20)
FNDA:0,(anonymous_21)
FNDA:0,(anonymous_22)
FNDA:0,(anonymous_23)
FNDA:0,(anonymous_24)
FNDA:0,(anonymous_25)
FNDA:0,(anonymous_26)
FNDA:0,(anonymous_27)
FNDA:0,(anonymous_28)
FNDA:0,(anonymous_29)
FNDA:0,(anonymous_30)
FNDA:0,(anonymous_31)
FNDA:0,(anonymous_32)
FNDA:0,(anonymous_33)
FNDA:0,(anonymous_34)
FNDA:0,(anonymous_35)
FNDA:0,(anonymous_36)
FNDA:0,(anonymous_37)
FNDA:0,(anonymous_38)
FNDA:0,(anonymous_39)
FNDA:0,(anonymous_40)
FNDA:0,(anonymous_41)
FNDA:0,(anonymous_42)
FNDA:0,(anonymous_43)
DA:1,10
DA:3,10
DA:5,10
DA:6,10
DA:7,10
DA:8,10
DA:9,10
DA:11,10
DA:12,10
DA:14,10
DA:15,10
DA:16,10
DA:19,10
DA:28,10
DA:31,10
DA:34,10
DA:37,10
DA:39,10
DA:40,10
DA:41,10
DA:45,10
DA:48,10
DA:51,10
DA:54,10
DA:67,10
DA:76,10
DA:79,10
DA:80,10
DA:81,10
DA:83,10
DA:84,10
DA:86,0
DA:91,10
DA:98,10
DA:99,0
DA:107,10
DA:108,0
DA:109,0
DA:111,0
DA:112,0
DA:116,0
DA:117,0
DA:118,0
DA:119,0
DA:123,0
DA:124,0
DA:126,0
DA:128,0
DA:129,0
DA:134,10
DA:138,0
DA:139,0
DA:143,10
DA:144,0
DA:145,0
DA:146,0
DA:149,10
DA:150,0
DA:151,0
DA:152,0
DA:153,0
DA:154,0
DA:156,0
DA:157,0
DA:159,0
DA:164,10
DA:165,0
DA:166,0
DA:167,0
DA:168,0
DA:169,0
DA:171,0
DA:172,0
DA:174,0
DA:179,10
DA:180,0
DA:181,0
DA:182,0
DA:183,0
DA:185,0
DA:186,0
DA:188,0
DA:199,10
DA:200,0
DA:204,10
DA:205,0
DA:206,0
DA:207,0
DA:208,0
DA:210,0
DA:211,0
DA:213,0
DA:215,0
DA:220,10
DA:221,0
DA:222,0
DA:223,0
DA:225,0
DA:226,0
DA:229,0
DA:230,0
DA:231,0
DA:232,0
DA:233,0
DA:235,0
DA:237,0
DA:241,10
DA:242,0
DA:243,0
DA:245,0
DA:246,0
DA:249,0
DA:250,0
DA:251,0
DA:252,0
DA:253,0
DA:255,0
DA:257,0
DA:263,10
DA:264,0
DA:265,0
DA:266,0
DA:267,0
DA:268,0
DA:269,0
DA:270,0
DA:272,0
DA:273,0
DA:274,0
DA:276,0
DA:282,10
DA:283,0
DA:284,0
DA:285,0
DA:286,0
DA:287,0
DA:289,0
DA:290,0
DA:291,0
DA:293,0
DA:299,10
DA:300,0
DA:301,0
DA:302,0
DA:303,0
DA:305,0
DA:306,0
DA:307,0
DA:313,10
DA:314,0
DA:315,0
DA:316,0
DA:317,0
DA:318,0
DA:320,0
DA:321,0
DA:322,0
DA:324,0
DA:325,0
DA:327,0
DA:329,0
DA:334,10
DA:335,0
DA:336,0
DA:337,0
DA:338,0
DA:340,0
DA:341,0
DA:346,10
DA:347,0
DA:354,10
DA:355,0
DA:359,10
DA:360,0
DA:361,0
DA:362,0
LF:176
LH:51
BRDA:39,0,0,10
BRDA:39,0,1,1
BRDA:40,1,0,10
BRDA:40,1,1,1
BRDA:41,2,0,10
BRDA:41,2,1,1
BRDA:80,3,0,10
BRDA:109,4,0,0
BRDA:109,4,1,0
BRDA:109,5,0,0
BRDA:109,5,1,0
BRDA:111,6,0,0
BRDA:117,7,0,0
BRDA:144,8,0,0
BRDA:144,8,1,0
BRDA:144,9,0,0
BRDA:144,9,1,0
BRDA:156,10,0,0
BRDA:156,10,1,0
BRDA:171,11,0,0
BRDA:171,11,1,0
BRDA:185,12,0,0
BRDA:185,12,1,0
BRDA:211,13,0,0
BRDA:211,13,1,0
BRDA:211,14,0,0
BRDA:211,14,1,0
BRDA:230,15,0,0
BRDA:230,15,1,0
BRDA:230,16,0,0
BRDA:230,16,1,0
BRDA:232,17,0,0
BRDA:232,17,1,0
BRDA:250,18,0,0
BRDA:250,18,1,0
BRDA:250,19,0,0
BRDA:250,19,1,0
BRDA:252,20,0,0
BRDA:252,20,1,0
BRDA:273,21,0,0
BRDA:273,21,1,0
BRDA:273,22,0,0
BRDA:273,22,1,0
BRDA:290,23,0,0
BRDA:290,23,1,0
BRDA:290,24,0,0
BRDA:290,24,1,0
BRDA:306,25,0,0
BRDA:306,26,0,0
BRDA:306,26,1,0
BRDA:315,27,0,0
BRDA:325,28,0,0
BRDA:325,28,1,0
BRDA:325,29,0,0
BRDA:325,29,1,0
BRDA:347,30,0,0
BRDA:347,30,1,0
BRF:57
BRH:7
end_of_record
TN:
SF:src/types.ts
FN:91,(anonymous_0)
FN:133,(anonymous_1)
FN:151,(anonymous_2)
FNF:3
FNH:3
FNDA:13,(anonymous_0)
FNDA:13,(anonymous_1)
FNDA:26,(anonymous_2)
DA:91,13
DA:92,13
DA:93,13
DA:94,13
DA:133,13
DA:134,13
DA:135,13
DA:136,13
DA:148,13
DA:152,26
DA:153,26
DA:154,26
LF:12
LH:12
BRDA:91,0,0,13
BRDA:91,0,1,13
BRDA:133,1,0,13
BRDA:133,1,1,13
BRF:4
BRH:4
end_of_record
TN:
SF:src/user.ts
FN:17,userRegister
FN:61,userLogin
FN:69,(anonymous_12)
FN:98,userLogout
FN:117,userDetails
FN:178,validateName
FN:202,validatePassword
FNF:7
FNH:7
FNDA:10,userRegister
FNDA:6,userLogin
FNDA:5,(anonymous_12)
FNDA:3,userLogout
FNDA:2,userDetails
FNDA:6,validateName
FNDA:8,validatePassword
DA:1,10
DA:2,10
DA:3,10
DA:4,10
DA:17,10
DA:23,10
DA:24,1
DA:27,9
DA:28,9
DA:29,1
DA:30,1
DA:34,8
DA:35,4
DA:36,2
DA:38,1
DA:39,1
DA:48,1
DA:49,1
DA:61,10
DA:65,6
DA:68,6
DA:69,6
DA:71,6
DA:72,1
DA:76,5
DA:77,5
DA:78,2
DA:79,2
DA:80,2
DA:84,3
DA:85,3
DA:86,3
DA:88,3
DA:98,10
DA:100,3
DA:102,3
DA:117,10
DA:119,2
DA:121,2
DA:122,1
DA:125,1
DA:179,6
DA:180,6
DA:181,1
DA:186,5
DA:187,2
DA:193,3
DA:203,8
DA:204,2
DA:206,6
DA:207,1
DA:209,5
DA:210,1
DA:212,4
LF:54
LH:54
BRDA:23,0,0,1
BRDA:29,1,0,1
BRDA:71,2,0,1
BRDA:77,3,0,2
BRDA:121,4,0,1
BRDA:180,5,0,1
BRDA:186,6,0,2
BRDA:186,7,0,5
BRDA:186,7,1,3
BRDA:203,8,0,2
BRDA:206,9,0,1
BRDA:209,10,0,1
BRF:12
BRH:12
end_of_record
TN:
SF:src/tests/testHelper.ts
FN:9,reqHelper
FN:27,userRegister
FN:43,userLogin
FN:52,userLogout
FN:60,userDetails
FN:68,userDetailsUpdate
FN:86,requestOrderCreate
FN:99,requestOrderUserSales
FNF:8
FNH:0
FNDA:0,reqHelper
FNDA:0,userRegister
FNDA:0,userLogin
FNDA:0,userLogout
FNDA:0,userDetails
FNDA:0,userDetailsUpdate
FNDA:0,requestOrderCreate
FNDA:0,requestOrderUserSales
DA:1,1
DA:2,1
DA:6,1
DA:7,1
DA:9,1
DA:14,0
DA:18,0
DA:27,1
DA:33,0
DA:43,1
DA:44,0
DA:52,1
DA:53,0
DA:60,1
DA:61,0
DA:68,1
DA:74,0
DA:86,1
DA:89,0
DA:93,0
DA:99,1
DA:102,0
DA:106,0
LF:23
LH:12
BRF:0
BRH:0
end_of_record
